INFO 2025-07-09 22:21:33,904 autoreload 19070 140305668022912 Watching for file changes with StatReloader
WARNING 2025-07-09 22:21:49,175 middleware 19070 140305475655232 Anonymous admin access attempt from 127.0.0.1
INFO 2025-07-09 22:21:49,208 basehttp 19070 140305475655232 "GET /admin/ HTTP/1.1" 302 0
WARNING 2025-07-09 22:21:49,212 middleware 19070 140305475655232 Anonymous admin access attempt from 127.0.0.1
INFO 2025-07-09 22:21:49,220 basehttp 19070 140305475655232 "GET /admin/login/?next=/admin/ HTTP/1.1" 200 3069
INFO 2025-07-09 22:21:49,320 basehttp 19070 140305467262528 "GET /static/vendor/adminlte/css/adminlte.min.css HTTP/1.1" 200 1382975
INFO 2025-07-09 22:21:49,329 basehttp 19070 140305223374400 "GET /static/vendor/bootstrap/js/bootstrap.min.js HTTP/1.1" 200 62440
INFO 2025-07-09 22:21:49,333 basehttp 19070 140305457821248 "GET /static/jazzmin/css/main.css HTTP/1.1" 200 16969
INFO 2025-07-09 22:21:49,334 basehttp 19070 140305231767104 "GET /static/admin/js/vendor/jquery/jquery.js HTTP/1.1" 200 292458
INFO 2025-07-09 22:21:49,334 basehttp 19070 140305240159808 "GET /static/vendor/adminlte/img/AdminLTELogo.png HTTP/1.1" 200 2637
INFO 2025-07-09 22:21:49,337 basehttp 19070 140305475655232 "GET /static/vendor/fontawesome-free/css/all.min.css HTTP/1.1" 200 59344
INFO 2025-07-09 22:21:49,343 basehttp 19070 140305223374400 "GET /static/vendor/adminlte/js/adminlte.min.js HTTP/1.1" 200 44244
INFO 2025-07-09 22:21:49,514 basehttp 19070 140305467262528 "GET /static/vendor/fontawesome-free/webfonts/fa-solid-900.woff2 HTTP/1.1" 200 78196
WARNING 2025-07-09 22:22:18,075 middleware 19070 140305467262528 Anonymous admin access attempt from 127.0.0.1
INFO 2025-07-09 22:22:18,485 basehttp 19070 140305467262528 "POST /admin/login/?next=/admin/ HTTP/1.1" 302 0
INFO 2025-07-09 22:22:18,492 middleware 19070 140305467262528 Admin access by admin from 127.0.0.1
INFO 2025-07-09 22:22:18,523 basehttp 19070 140305467262528 "GET /admin/ HTTP/1.1" 200 63949
INFO 2025-07-09 22:22:18,592 basehttp 19070 140305467262528 "GET /static/jazzmin/js/main.js HTTP/1.1" 200 2391
INFO 2025-07-09 22:22:18,593 basehttp 19070 140305223374400 "GET /static/jazzmin/js/ui-builder.js HTTP/1.1" 200 13873
INFO 2025-07-09 22:22:18,825 basehttp 19070 140305467262528 "GET /static/vendor/fontawesome-free/webfonts/fa-regular-400.woff2 HTTP/1.1" 200 13276
INFO 2025-07-09 22:22:37,152 middleware 19070 140305467262528 Admin access by admin from 127.0.0.1
INFO 2025-07-09 22:22:37,209 basehttp 19070 140305467262528 "GET /admin/store/product/ HTTP/1.1" 200 54522
INFO 2025-07-09 22:22:37,234 basehttp 19070 140305467262528 "GET /static/vendor/select2/css/select2.min.css HTTP/1.1" 200 16264
INFO 2025-07-09 22:22:37,237 middleware 19070 140305223374400 Admin access by admin from 127.0.0.1
INFO 2025-07-09 22:22:37,240 basehttp 19070 140305223374400 "GET /admin/jsi18n/ HTTP/1.1" 200 3343
INFO 2025-07-09 22:22:37,255 basehttp 19070 140305457821248 "GET /static/admin/js/admin/RelatedObjectLookups.js HTTP/1.1" 200 8943
INFO 2025-07-09 22:22:37,255 basehttp 19070 140305231767104 "GET /static/admin/js/jquery.init.js HTTP/1.1" 200 347
INFO 2025-07-09 22:22:37,257 basehttp 19070 140305475655232 "GET /static/admin/js/core.js HTTP/1.1" 200 5682
INFO 2025-07-09 22:22:37,258 basehttp 19070 140305240159808 "GET /static/admin/js/actions.js HTTP/1.1" 200 7872
INFO 2025-07-09 22:22:37,260 basehttp 19070 140305223374400 "GET /static/admin/js/urlify.js HTTP/1.1" 200 7887
INFO 2025-07-09 22:22:37,261 basehttp 19070 140305231767104 "GET /static/admin/js/prepopulate.js HTTP/1.1" 200 1531
INFO 2025-07-09 22:22:37,263 basehttp 19070 140305457821248 "GET /static/admin/js/vendor/xregexp/xregexp.js HTTP/1.1" 200 232381
INFO 2025-07-09 22:22:37,332 basehttp 19070 140305457821248 "GET /static/vendor/select2/js/select2.min.js HTTP/1.1" 200 73170
INFO 2025-07-09 22:22:37,335 basehttp 19070 140305475655232 "GET /static/jazzmin/js/change_list.js HTTP/1.1" 200 2252
INFO 2025-07-09 22:22:46,770 middleware 19070 140305475655232 Admin access by admin from 127.0.0.1
INFO 2025-07-09 22:22:46,921 basehttp 19070 140305475655232 "GET /admin/store/product/6/change/ HTTP/1.1" 200 121318
INFO 2025-07-09 22:22:46,950 middleware 19070 140305475655232 Admin access by admin from 127.0.0.1
INFO 2025-07-09 22:22:46,954 basehttp 19070 140305475655232 "GET /admin/jsi18n/ HTTP/1.1" 304 0
INFO 2025-07-09 22:22:46,954 basehttp 19070 140305457821248 "GET /static/admin/js/collapse.js HTTP/1.1" 200 1803
INFO 2025-07-09 22:22:46,955 basehttp 19070 140305231767104 "GET /static/admin/js/inlines.js HTTP/1.1" 200 15526
INFO 2025-07-09 22:22:46,983 basehttp 19070 140305457821248 "GET /static/admin/img/icon-changelink.svg HTTP/1.1" 200 380
INFO 2025-07-09 22:22:47,013 basehttp 19070 140305475655232 "GET /static/admin/img/icon-addlink.svg HTTP/1.1" 200 331
INFO 2025-07-09 22:22:47,039 basehttp 19070 140305457821248 "GET /static/admin/img/icon-deletelink.svg HTTP/1.1" 200 392
INFO 2025-07-09 22:22:47,041 basehttp 19070 140305231767104 "GET /static/admin/img/icon-viewlink.svg HTTP/1.1" 200 581
INFO 2025-07-09 22:22:47,042 basehttp 19070 140305223374400 "GET /static/admin/js/change_form.js HTTP/1.1" 200 606
INFO 2025-07-09 22:22:47,043 basehttp 19070 140305467262528 "GET /static/admin/js/prepopulate_init.js HTTP/1.1" 200 586
INFO 2025-07-09 22:22:47,048 basehttp 19070 140305223374400 "GET /static/admin/img/icon-yes.svg HTTP/1.1" 200 436
INFO 2025-07-09 22:22:47,049 basehttp 19070 140305467262528 "GET /static/jazzmin/js/change_form.js HTTP/1.1" 200 6052
INFO 2025-07-09 22:22:58,048 basehttp 19070 140305467262528 "GET /api/v1/products/ HTTP/1.1" 200 44085
INFO 2025-07-09 22:22:58,072 basehttp 19070 140305223374400 "GET /static/rest_framework/css/bootstrap-tweaks.css HTTP/1.1" 200 3385
INFO 2025-07-09 22:22:58,072 basehttp 19070 140305467262528 "GET /static/rest_framework/css/bootstrap.min.css HTTP/1.1" 200 121457
INFO 2025-07-09 22:22:58,073 basehttp 19070 140305457821248 "GET /static/rest_framework/css/prettify.css HTTP/1.1" 200 817
INFO 2025-07-09 22:22:58,075 basehttp 19070 140305475655232 "GET /static/rest_framework/css/default.css HTTP/1.1" 200 1152
INFO 2025-07-09 22:22:58,076 basehttp 19070 140305231767104 "GET /static/rest_framework/js/jquery-3.5.1.min.js HTTP/1.1" 200 89476
INFO 2025-07-09 22:22:58,077 basehttp 19070 140305240159808 "GET /static/rest_framework/js/ajax-form.js HTTP/1.1" 200 3597
INFO 2025-07-09 22:22:58,082 basehttp 19070 140305223374400 "GET /static/rest_framework/js/csrf.js HTTP/1.1" 200 1719
INFO 2025-07-09 22:22:58,083 basehttp 19070 140305240159808 "GET /static/rest_framework/js/default.js HTTP/1.1" 200 1268
INFO 2025-07-09 22:22:58,084 basehttp 19070 140305457821248 "GET /static/rest_framework/js/bootstrap.min.js HTTP/1.1" 200 39680
INFO 2025-07-09 22:22:58,084 basehttp 19070 140305475655232 "GET /static/rest_framework/js/prettify-min.js HTTP/1.1" 200 13632
INFO 2025-07-09 22:22:58,122 basehttp 19070 140305467262528 "GET /static/rest_framework/img/grid.png HTTP/1.1" 200 1458
WARNING 2025-07-09 22:22:58,299 log 19070 140305467262528 Not Found: /favicon.ico
WARNING 2025-07-09 22:22:58,299 basehttp 19070 140305467262528 "GET /favicon.ico HTTP/1.1" 404 2597
ERROR 2025-07-09 22:23:07,643 log 19070 140305467262528 Internal Server Error: /api/v1/carousel-automation/
Traceback (most recent call last):
  File "/usr/local/lib/python3.11/dist-packages/django/core/handlers/exception.py", line 55, in inner
    response = get_response(request)
               ^^^^^^^^^^^^^^^^^^^^^
  File "/usr/local/lib/python3.11/dist-packages/django/core/handlers/base.py", line 220, in _get_response
    response = response.render()
               ^^^^^^^^^^^^^^^^^
  File "/usr/local/lib/python3.11/dist-packages/django/template/response.py", line 111, in render
    self.content = self.rendered_content
                   ^^^^^^^^^^^^^^^^^^^^^
  File "/usr/local/lib/python3.11/dist-packages/rest_framework/response.py", line 70, in rendered_content
    ret = renderer.render(self.data, accepted_media_type, context)
          ^^^^^^^^^^^^^^^^^^^^^^^^^^^^^^^^^^^^^^^^^^^^^^^^^^^^^^^^
  File "/usr/local/lib/python3.11/dist-packages/rest_framework/renderers.py", line 723, in render
    context = self.get_context(data, accepted_media_type, renderer_context)
              ^^^^^^^^^^^^^^^^^^^^^^^^^^^^^^^^^^^^^^^^^^^^^^^^^^^^^^^^^^^^^
  File "/usr/local/lib/python3.11/dist-packages/rest_framework/renderers.py", line 654, in get_context
    raw_data_post_form = self.get_raw_data_form(data, view, 'POST', request)
                         ^^^^^^^^^^^^^^^^^^^^^^^^^^^^^^^^^^^^^^^^^^^^^^^^^^^
  File "/usr/local/lib/python3.11/dist-packages/rest_framework/renderers.py", line 553, in get_raw_data_form
    serializer = view.get_serializer()
                 ^^^^^^^^^^^^^^^^^^^^^
  File "/usr/local/lib/python3.11/dist-packages/rest_framework/generics.py", line 108, in get_serializer
    serializer_class = self.get_serializer_class()
                       ^^^^^^^^^^^^^^^^^^^^^^^^^^^
  File "/usr/local/lib/python3.11/dist-packages/rest_framework/generics.py", line 122, in get_serializer_class
    assert self.serializer_class is not None, (
AssertionError: 'CarouselAutomationAPIView' should either include a `serializer_class` attribute, or override the `get_serializer_class()` method.
ERROR 2025-07-09 22:23:07,645 basehttp 19070 140305467262528 "GET /api/v1/carousel-automation/ HTTP/1.1" 500 104272
INFO 2025-07-09 22:23:18,088 basehttp 19070 140305467262528 "GET /api/v1/offers-carousel/ HTTP/1.1" 200 5440
INFO 2025-07-09 23:06:59,072 autoreload 33136 25516 Watching for file changes with StatReloader
INFO 2025-07-09 23:08:12,737 autoreload 34680 32488 Watching for file changes with StatReloader
INFO 2025-07-09 23:08:29,867 middleware 34680 34364 Admin access by hussein from 127.0.0.1
INFO 2025-07-09 23:08:31,081 basehttp 34680 34364 "GET /admin/store/product/6/change/ HTTP/1.1" 200 121340
INFO 2025-07-09 23:08:31,143 middleware 34680 26932 Admin access by hussein from 127.0.0.1
INFO 2025-07-09 23:08:31,154 basehttp 34680 26932 "GET /admin/jsi18n/ HTTP/1.1" 200 3343
INFO 2025-07-09 23:08:31,734 basehttp 34680 34364 "GET /static/vendor/fontawesome-free/css/all.min.css HTTP/1.1" 200 59344
INFO 2025-07-09 23:08:31,740 basehttp 34680 34364 "GET /static/admin/js/jquery.init.js HTTP/1.1" 200 347
INFO 2025-07-09 23:08:31,743 basehttp 34680 34364 "GET /static/admin/js/core.js HTTP/1.1" 200 5682
INFO 2025-07-09 23:08:31,748 basehttp 34680 34364 "GET /static/admin/js/inlines.js HTTP/1.1" 200 15526
INFO 2025-07-09 23:08:31,752 basehttp 34680 34364 "GET /static/admin/js/admin/RelatedObjectLookups.js HTTP/1.1" 200 8943
INFO 2025-07-09 23:08:31,757 basehttp 34680 34364 "GET /static/admin/js/actions.js HTTP/1.1" 200 7872
INFO 2025-07-09 23:08:31,759 basehttp 34680 34364 "GET /static/admin/js/urlify.js HTTP/1.1" 200 7887
INFO 2025-07-09 23:08:31,763 basehttp 34680 34364 "GET /static/admin/js/prepopulate.js HTTP/1.1" 200 1531
INFO 2025-07-09 23:08:31,772 basehttp 34680 34364 "GET /static/admin/js/vendor/xregexp/xregexp.js HTTP/1.1" 200 232381
INFO 2025-07-09 23:08:31,776 basehttp 34680 34364 "GET /static/vendor/adminlte/img/AdminLTELogo.png HTTP/1.1" 200 2637
INFO 2025-07-09 23:08:31,780 basehttp 34680 34364 "GET /static/admin/img/icon-changelink.svg HTTP/1.1" 200 380
INFO 2025-07-09 23:08:31,783 basehttp 34680 34364 "GET /static/admin/img/icon-addlink.svg HTTP/1.1" 200 331
INFO 2025-07-09 23:08:31,785 basehttp 34680 34364 "GET /static/admin/img/icon-deletelink.svg HTTP/1.1" 200 392
INFO 2025-07-09 23:08:31,788 basehttp 34680 34364 "GET /static/admin/img/icon-viewlink.svg HTTP/1.1" 200 581
INFO 2025-07-09 23:08:31,791 basehttp 34680 34364 "GET /static/admin/js/change_form.js HTTP/1.1" 200 606
INFO 2025-07-09 23:08:31,793 basehttp 34680 34364 "GET /static/admin/js/prepopulate_init.js HTTP/1.1" 200 586
INFO 2025-07-09 23:08:31,796 basehttp 34680 34364 "GET /static/vendor/bootstrap/js/bootstrap.min.js HTTP/1.1" 200 62440
INFO 2025-07-09 23:08:31,800 basehttp 34680 34364 "GET /static/vendor/adminlte/js/adminlte.min.js HTTP/1.1" 200 44244
INFO 2025-07-09 23:08:31,805 basehttp 34680 34364 "GET /static/jazzmin/js/main.js HTTP/1.1" 200 2391
INFO 2025-07-09 23:08:31,810 basehttp 34680 34364 "GET /static/jazzmin/js/ui-builder.js HTTP/1.1" 200 13873
INFO 2025-07-09 23:08:31,814 basehttp 34680 34364 "GET /static/vendor/select2/js/select2.min.js HTTP/1.1" 200 73170
INFO 2025-07-09 23:08:31,819 basehttp 34680 34364 "GET /static/jazzmin/js/change_form.js HTTP/1.1" 200 6052
INFO 2025-07-09 23:08:31,895 basehttp 34680 29372 "GET /static/jazzmin/css/main.css HTTP/1.1" 200 16969
INFO 2025-07-09 23:08:31,897 basehttp 34680 30108 "GET /static/admin/js/vendor/jquery/jquery.js HTTP/1.1" 200 292458
INFO 2025-07-09 23:08:31,916 basehttp 34680 29252 "GET /static/vendor/select2/css/select2.min.css HTTP/1.1" 200 16264
INFO 2025-07-09 23:08:31,919 basehttp 34680 26932 "GET /static/admin/js/collapse.js HTTP/1.1" 200 1803
INFO 2025-07-09 23:08:31,928 basehttp 34680 26932 "GET /static/admin/img/icon-yes.svg HTTP/1.1" 200 436
INFO 2025-07-09 23:08:31,950 basehttp 34680 16924 "GET /static/vendor/adminlte/css/adminlte.min.css HTTP/1.1" 200 1382975
INFO 2025-07-09 23:08:32,023 basehttp 34680 26932 "GET /static/vendor/fontawesome-free/webfonts/fa-regular-400.woff2 HTTP/1.1" 200 13276
INFO 2025-07-09 23:08:32,025 basehttp 34680 16924 "GET /static/vendor/fontawesome-free/webfonts/fa-solid-900.woff2 HTTP/1.1" 200 78196
INFO 2025-07-09 23:08:47,263 middleware 34680 16924 Admin access by hussein from 127.0.0.1
INFO 2025-07-09 23:08:47,649 basehttp 34680 16924 "GET /admin/store/product/ HTTP/1.1" 200 54544
INFO 2025-07-09 23:08:47,692 middleware 34680 16924 Admin access by hussein from 127.0.0.1
INFO 2025-07-09 23:08:47,696 basehttp 34680 16924 "GET /admin/jsi18n/ HTTP/1.1" 304 0
INFO 2025-07-09 23:08:47,814 basehttp 34680 16924 "GET /static/vendor/adminlte/js/adminlte.min.js HTTP/1.1" 304 0
INFO 2025-07-09 23:08:47,836 basehttp 34680 16924 "GET /static/jazzmin/js/main.js HTTP/1.1" 304 0
INFO 2025-07-09 23:08:47,845 basehttp 34680 26932 "GET /static/vendor/select2/js/select2.min.js HTTP/1.1" 304 0
INFO 2025-07-09 23:08:47,845 basehttp 34680 16924 "GET /static/jazzmin/js/ui-builder.js HTTP/1.1" 304 0
INFO 2025-07-09 23:08:47,846 basehttp 34680 29252 "GET /static/jazzmin/js/change_list.js HTTP/1.1" 200 2252
INFO 2025-07-09 23:09:41,312 basehttp 34680 34332 "GET /api/v1/offers-carousel/ HTTP/1.1" 304 0
INFO 2025-07-09 23:09:41,327 basehttp 34680 15684 "GET /api/v1/carousel/ HTTP/1.1" 304 0
INFO 2025-07-09 23:09:41,339 basehttp 34680 10748 "GET /api/v1/banners/ HTTP/1.1" 304 0
INFO 2025-07-09 23:09:41,348 basehttp 34680 32576 "GET /api/v1/category/ HTTP/1.1" 304 0
INFO 2025-07-09 23:09:41,364 basehttp 34680 10212 "GET /api/v1/cart-list/RANRJLRGAJJKOMBOLRNOMDMQEBOGHB/1/ HTTP/1.1" 304 0
INFO 2025-07-09 23:09:41,376 basehttp 34680 34332 "GET /api/v1/offers-carousel/ HTTP/1.1" 304 0
INFO 2025-07-09 23:09:41,390 basehttp 34680 15684 "GET /api/v1/carousel/ HTTP/1.1" 304 0
INFO 2025-07-09 23:09:41,399 basehttp 34680 10748 "GET /api/v1/banners/ HTTP/1.1" 304 0
INFO 2025-07-09 23:09:41,419 basehttp 34680 32576 "GET /api/v1/category/ HTTP/1.1" 304 0
INFO 2025-07-09 23:09:41,424 basehttp 34680 10212 "GET /api/v1/cart-list/RANRJLRGAJJKOMBOLRNOMDMQEBOGHB/1/ HTTP/1.1" 304 0
INFO 2025-07-09 23:09:41,453 basehttp 34680 32576 "GET /api/v1/category/ HTTP/1.1" 304 0
INFO 2025-07-09 23:09:41,483 basehttp 34680 32576 "GET /api/v1/category/ HTTP/1.1" 304 0
INFO 2025-07-09 23:09:41,620 basehttp 34680 30964 "GET /api/v1/most-viewed-products/ HTTP/1.1" 304 0
WARNING 2025-07-09 23:09:41,788 log 34680 34136 Not Found: /media/category.jpg
WARNING 2025-07-09 23:09:41,795 basehttp 34680 34136 "GET /media/category.jpg HTTP/1.1" 404 2713
INFO 2025-07-09 23:09:41,798 basehttp 34680 34136 - Broken pipe from ('127.0.0.1', 62422)
INFO 2025-07-09 23:09:41,848 basehttp 34680 30964 "GET /api/v1/most-viewed-products/ HTTP/1.1" 304 0
INFO 2025-07-09 23:12:34,139 basehttp 34680 30964 "GET /api/v1/products/?category=3 HTTP/1.1" 200 13468
INFO 2025-07-09 23:12:35,719 basehttp 34680 30964 "GET /api/v1/products/?category=5 HTTP/1.1" 200 13468
INFO 2025-07-09 23:12:36,362 basehttp 34680 30964 "GET /api/v1/products/?category=2 HTTP/1.1" 200 13468
INFO 2025-07-09 23:12:36,632 basehttp 34680 30964 "GET /api/v1/products/?category=4 HTTP/1.1" 200 13468
INFO 2025-07-09 23:12:37,038 basehttp 34680 30964 "GET /api/v1/products/?category=1 HTTP/1.1" 304 0
INFO 2025-07-09 23:14:22,361 middleware 34680 24924 Admin access by hussein from 127.0.0.1
ERROR 2025-07-09 23:14:22,879 log 34680 24924 Internal Server Error: /admin/store/carouselautomationproxy/
Traceback (most recent call last):
  File "C:\Users\gazou\OneDrive\Desktop\LuaCheiaStore\backend\venv\Lib\site-packages\django\core\handlers\exception.py", line 55, in inner
    response = get_response(request)
  File "C:\Users\gazou\OneDrive\Desktop\LuaCheiaStore\backend\venv\Lib\site-packages\django\core\handlers\base.py", line 197, in _get_response
    response = wrapped_callback(request, *callback_args, **callback_kwargs)
  File "C:\Users\gazou\OneDrive\Desktop\LuaCheiaStore\backend\venv\Lib\site-packages\django\contrib\admin\options.py", line 688, in wrapper
    return self.admin_site.admin_view(view)(*args, **kwargs)
           ~~~~~~~~~~~~~~~~~~~~~~~~~~~~~~~~^^^^^^^^^^^^^^^^^
  File "C:\Users\gazou\OneDrive\Desktop\LuaCheiaStore\backend\venv\Lib\site-packages\django\utils\decorators.py", line 134, in _wrapper_view
    response = view_func(request, *args, **kwargs)
  File "C:\Users\gazou\OneDrive\Desktop\LuaCheiaStore\backend\venv\Lib\site-packages\django\views\decorators\cache.py", line 62, in _wrapper_view_func
    response = view_func(request, *args, **kwargs)
  File "C:\Users\gazou\OneDrive\Desktop\LuaCheiaStore\backend\venv\Lib\site-packages\django\contrib\admin\sites.py", line 242, in inner
    return view(request, *args, **kwargs)
  File "C:\Users\gazou\OneDrive\Desktop\LuaCheiaStore\backend\store\admin.py", line 408, in changelist_view
    'trending_products_count': automation.get_trending_products().count(),
                               ~~~~~~~~~~~~~~~~~~~~~~~~~~~~~~~~^^
  File "C:\Users\gazou\OneDrive\Desktop\LuaCheiaStore\backend\store\carousel_automation.py", line 45, in get_trending_products
    ).annotate(
      ~~~~~~~~^
        recent_orders=Count(
        ^^^^^^^^^^^^^^^^^^^^
    ...<7 lines>...
        avg_rating=Avg('review__rating')
        ^^^^^^^^^^^^^^^^^^^^^^^^^^^^^^^^
    ).filter(
    ^
  File "C:\Users\gazou\OneDrive\Desktop\LuaCheiaStore\backend\venv\Lib\site-packages\django\db\models\query.py", line 1590, in annotate
    return self._annotate(args, kwargs, select=True)
           ~~~~~~~~~~~~~~^^^^^^^^^^^^^^^^^^^^^^^^^^^
  File "C:\Users\gazou\OneDrive\Desktop\LuaCheiaStore\backend\venv\Lib\site-packages\django\db\models\query.py", line 1638, in _annotate
    clone.query.add_annotation(
    ~~~~~~~~~~~~~~~~~~~~~~~~~~^
        annotation,
        ^^^^^^^^^^^
        alias,
        ^^^^^^
        select=select,
        ^^^^^^^^^^^^^^
    )
    ^
  File "C:\Users\gazou\OneDrive\Desktop\LuaCheiaStore\backend\venv\Lib\site-packages\django\db\models\sql\query.py", line 1086, in add_annotation
    annotation = annotation.resolve_expression(self, allow_joins=True, reuse=None)
  File "C:\Users\gazou\OneDrive\Desktop\LuaCheiaStore\backend\venv\Lib\site-packages\django\db\models\aggregates.py", line 64, in resolve_expression
    c = super().resolve_expression(query, allow_joins, reuse, summarize)
  File "C:\Users\gazou\OneDrive\Desktop\LuaCheiaStore\backend\venv\Lib\site-packages\django\db\models\expressions.py", line 942, in resolve_expression
    c.source_expressions[pos] = arg.resolve_expression(
                                ~~~~~~~~~~~~~~~~~~~~~~^
        query, allow_joins, reuse, summarize, for_save
        ^^^^^^^^^^^^^^^^^^^^^^^^^^^^^^^^^^^^^^^^^^^^^^
    )
    ^
  File "C:\Users\gazou\OneDrive\Desktop\LuaCheiaStore\backend\venv\Lib\site-packages\django\db\models\expressions.py", line 822, in resolve_expression
    return query.resolve_ref(self.name, allow_joins, reuse, summarize)
           ~~~~~~~~~~~~~~~~~^^^^^^^^^^^^^^^^^^^^^^^^^^^^^^^^^^^^^^^^^^
  File "C:\Users\gazou\OneDrive\Desktop\LuaCheiaStore\backend\venv\Lib\site-packages\django\db\models\sql\query.py", line 1929, in resolve_ref
    join_info = self.setup_joins(
        field_list, self.get_meta(), self.get_initial_alias(), can_reuse=reuse
    )
  File "C:\Users\gazou\OneDrive\Desktop\LuaCheiaStore\backend\venv\Lib\site-packages\django\db\models\sql\query.py", line 1776, in setup_joins
    path, final_field, targets, rest = self.names_to_path(
                                       ~~~~~~~~~~~~~~~~~~^
        names[:pivot],
        ^^^^^^^^^^^^^^
    ...<2 lines>...
        fail_on_missing=True,
        ^^^^^^^^^^^^^^^^^^^^^
    )
    ^
  File "C:\Users\gazou\OneDrive\Desktop\LuaCheiaStore\backend\venv\Lib\site-packages\django\db\models\sql\query.py", line 1677, in names_to_path
    raise FieldError(
    ...<2 lines>...
    )
django.core.exceptions.FieldError: Cannot resolve keyword 'cartorderitem' into field. Choices are: carousels, cart, category, category_id, colors, date, description, featured, gallery, id, image, in_stock, max_cart_limit, old_price, order_item, pid, price, productfaq, rating, review, shipping_ammount, sizes, slug, specification, status, stock_qty, title, vendor, vendor_id, views, wishlist
ERROR 2025-07-09 23:14:22,908 basehttp 34680 24924 "GET /admin/store/carouselautomationproxy/ HTTP/1.1" 500 153111
WARNING 2025-07-09 23:14:23,526 log 34680 24924 Not Found: /favicon.ico
WARNING 2025-07-09 23:14:23,527 basehttp 34680 24924 "GET /favicon.ico HTTP/1.1" 404 2597
INFO 2025-07-09 23:14:33,617 middleware 34680 24924 Admin access by hussein from 127.0.0.1
INFO 2025-07-09 23:14:33,726 basehttp 34680 24924 "GET /admin/store/product/ HTTP/1.1" 200 54544
INFO 2025-07-09 23:14:35,868 middleware 34680 24924 Admin access by hussein from 127.0.0.1
INFO 2025-07-09 23:14:35,899 basehttp 34680 24924 "GET /admin/store/carouselimage/ HTTP/1.1" 200 43325
INFO 2025-07-09 23:14:35,949 basehttp 34680 24924 "GET /static/vendor/fontawesome-free/css/all.min.css HTTP/1.1" 304 0
INFO 2025-07-09 23:14:35,952 basehttp 34680 31896 "GET /static/vendor/adminlte/css/adminlte.min.css HTTP/1.1" 304 0
INFO 2025-07-09 23:14:35,959 basehttp 34680 24924 "GET /static/admin/js/jquery.init.js HTTP/1.1" 304 0
INFO 2025-07-09 23:14:35,960 basehttp 34680 26800 "GET /static/jazzmin/css/main.css HTTP/1.1" 304 0
INFO 2025-07-09 23:14:35,961 basehttp 34680 33260 "GET /static/vendor/select2/css/select2.min.css HTTP/1.1" 304 0
INFO 2025-07-09 23:14:35,963 basehttp 34680 34520 "GET /static/admin/js/vendor/jquery/jquery.js HTTP/1.1" 304 0
INFO 2025-07-09 23:14:35,966 basehttp 34680 31896 "GET /static/admin/js/core.js HTTP/1.1" 304 0
INFO 2025-07-09 23:14:35,967 basehttp 34680 24924 "GET /static/admin/js/admin/RelatedObjectLookups.js HTTP/1.1" 304 0
INFO 2025-07-09 23:14:35,970 basehttp 34680 26800 "GET /static/admin/js/urlify.js HTTP/1.1" 304 0
INFO 2025-07-09 23:14:35,977 basehttp 34680 34520 "GET /static/admin/js/prepopulate.js HTTP/1.1" 304 0
INFO 2025-07-09 23:14:35,977 middleware 34680 10116 Admin access by hussein from 127.0.0.1
INFO 2025-07-09 23:14:35,978 basehttp 34680 33260 "GET /static/admin/js/actions.js HTTP/1.1" 304 0
INFO 2025-07-09 23:14:35,979 basehttp 34680 31896 "GET /static/admin/js/vendor/xregexp/xregexp.js HTTP/1.1" 304 0
INFO 2025-07-09 23:14:35,980 basehttp 34680 24924 "GET /static/vendor/adminlte/img/AdminLTELogo.png HTTP/1.1" 304 0
INFO 2025-07-09 23:14:35,996 basehttp 34680 10116 "GET /admin/jsi18n/ HTTP/1.1" 304 0
INFO 2025-07-09 23:14:36,011 basehttp 34680 26800 "GET /media/carousel/catousel_banner_2.jpg HTTP/1.1" 200 95026
INFO 2025-07-09 23:14:36,064 basehttp 34680 10116 "GET /static/vendor/bootstrap/js/bootstrap.min.js HTTP/1.1" 304 0
INFO 2025-07-09 23:14:36,066 basehttp 34680 26800 "GET /media/carousel/banner1.webp HTTP/1.1" 200 86852
INFO 2025-07-09 23:14:36,078 basehttp 34680 10116 "GET /static/jazzmin/js/main.js HTTP/1.1" 304 0
INFO 2025-07-09 23:14:36,078 basehttp 34680 33260 "GET /static/jazzmin/js/change_list.js HTTP/1.1" 304 0
INFO 2025-07-09 23:14:36,079 basehttp 34680 26800 "GET /static/vendor/adminlte/js/adminlte.min.js HTTP/1.1" 304 0
INFO 2025-07-09 23:14:36,080 basehttp 34680 24924 "GET /static/jazzmin/js/ui-builder.js HTTP/1.1" 304 0
INFO 2025-07-09 23:14:36,081 basehttp 34680 31896 "GET /static/vendor/select2/js/select2.min.js HTTP/1.1" 304 0
INFO 2025-07-09 23:14:40,971 middleware 34680 31896 Admin access by hussein from 127.0.0.1
INFO 2025-07-09 23:14:41,057 basehttp 34680 31896 "GET /admin/store/cartorderitem/ HTTP/1.1" 200 58250
INFO 2025-07-09 23:14:41,092 middleware 34680 31896 Admin access by hussein from 127.0.0.1
INFO 2025-07-09 23:14:41,095 basehttp 34680 31896 "GET /admin/jsi18n/ HTTP/1.1" 304 0
INFO 2025-07-09 23:14:49,234 middleware 34680 31896 Admin access by hussein from 127.0.0.1
ERROR 2025-07-09 23:14:49,719 log 34680 31896 Internal Server Error: /admin/store/cartorder/
Traceback (most recent call last):
  File "C:\Users\gazou\OneDrive\Desktop\LuaCheiaStore\backend\venv\Lib\site-packages\django\db\models\options.py", line 681, in get_field
    return self.fields_map[field_name]
           ~~~~~~~~~~~~~~~^^^^^^^^^^^^
KeyError: 'items_count'

During handling of the above exception, another exception occurred:

Traceback (most recent call last):
  File "C:\Users\gazou\OneDrive\Desktop\LuaCheiaStore\backend\venv\Lib\site-packages\django\contrib\admin\utils.py", line 272, in lookup_field
    f = _get_non_gfk_field(opts, name)
  File "C:\Users\gazou\OneDrive\Desktop\LuaCheiaStore\backend\venv\Lib\site-packages\django\contrib\admin\utils.py", line 303, in _get_non_gfk_field
    field = opts.get_field(name)
  File "C:\Users\gazou\OneDrive\Desktop\LuaCheiaStore\backend\venv\Lib\site-packages\django\db\models\options.py", line 683, in get_field
    raise FieldDoesNotExist(
        "%s has no field named '%s'" % (self.object_name, field_name)
    )
django.core.exceptions.FieldDoesNotExist: CartOrder has no field named 'items_count'

During handling of the above exception, another exception occurred:

Traceback (most recent call last):
  File "C:\Users\gazou\OneDrive\Desktop\LuaCheiaStore\backend\venv\Lib\site-packages\django\core\handlers\exception.py", line 55, in inner
    response = get_response(request)
  File "C:\Users\gazou\OneDrive\Desktop\LuaCheiaStore\backend\venv\Lib\site-packages\django\core\handlers\base.py", line 220, in _get_response
    response = response.render()
  File "C:\Users\gazou\OneDrive\Desktop\LuaCheiaStore\backend\venv\Lib\site-packages\django\template\response.py", line 111, in render
    self.content = self.rendered_content
                   ^^^^^^^^^^^^^^^^^^^^^
  File "C:\Users\gazou\OneDrive\Desktop\LuaCheiaStore\backend\venv\Lib\site-packages\django\template\response.py", line 89, in rendered_content
    return template.render(context, self._request)
           ~~~~~~~~~~~~~~~^^^^^^^^^^^^^^^^^^^^^^^^
  File "C:\Users\gazou\OneDrive\Desktop\LuaCheiaStore\backend\venv\Lib\site-packages\django\template\backends\django.py", line 61, in render
    return self.template.render(context)
           ~~~~~~~~~~~~~~~~~~~~^^^^^^^^^
  File "C:\Users\gazou\OneDrive\Desktop\LuaCheiaStore\backend\venv\Lib\site-packages\django\template\base.py", line 175, in render
    return self._render(context)
           ~~~~~~~~~~~~^^^^^^^^^
  File "C:\Users\gazou\OneDrive\Desktop\LuaCheiaStore\backend\venv\Lib\site-packages\django\template\base.py", line 167, in _render
    return self.nodelist.render(context)
           ~~~~~~~~~~~~~~~~~~~~^^^^^^^^^
  File "C:\Users\gazou\OneDrive\Desktop\LuaCheiaStore\backend\venv\Lib\site-packages\django\template\base.py", line 1005, in render
    return SafeString("".join([node.render_annotated(context) for node in self]))
                               ~~~~~~~~~~~~~~~~~~~~~^^^^^^^^^
  File "C:\Users\gazou\OneDrive\Desktop\LuaCheiaStore\backend\venv\Lib\site-packages\django\template\base.py", line 966, in render_annotated
    return self.render(context)
           ~~~~~~~~~~~^^^^^^^^^
  File "C:\Users\gazou\OneDrive\Desktop\LuaCheiaStore\backend\venv\Lib\site-packages\django\template\loader_tags.py", line 157, in render
    return compiled_parent._render(context)
           ~~~~~~~~~~~~~~~~~~~~~~~^^^^^^^^^
  File "C:\Users\gazou\OneDrive\Desktop\LuaCheiaStore\backend\venv\Lib\site-packages\django\template\base.py", line 167, in _render
    return self.nodelist.render(context)
           ~~~~~~~~~~~~~~~~~~~~^^^^^^^^^
  File "C:\Users\gazou\OneDrive\Desktop\LuaCheiaStore\backend\venv\Lib\site-packages\django\template\base.py", line 1005, in render
    return SafeString("".join([node.render_annotated(context) for node in self]))
                               ~~~~~~~~~~~~~~~~~~~~~^^^^^^^^^
  File "C:\Users\gazou\OneDrive\Desktop\LuaCheiaStore\backend\venv\Lib\site-packages\django\template\base.py", line 966, in render_annotated
    return self.render(context)
           ~~~~~~~~~~~^^^^^^^^^
  File "C:\Users\gazou\OneDrive\Desktop\LuaCheiaStore\backend\venv\Lib\site-packages\django\template\loader_tags.py", line 157, in render
    return compiled_parent._render(context)
           ~~~~~~~~~~~~~~~~~~~~~~~^^^^^^^^^
  File "C:\Users\gazou\OneDrive\Desktop\LuaCheiaStore\backend\venv\Lib\site-packages\django\template\base.py", line 167, in _render
    return self.nodelist.render(context)
           ~~~~~~~~~~~~~~~~~~~~^^^^^^^^^
  File "C:\Users\gazou\OneDrive\Desktop\LuaCheiaStore\backend\venv\Lib\site-packages\django\template\base.py", line 1005, in render
    return SafeString("".join([node.render_annotated(context) for node in self]))
                               ~~~~~~~~~~~~~~~~~~~~~^^^^^^^^^
  File "C:\Users\gazou\OneDrive\Desktop\LuaCheiaStore\backend\venv\Lib\site-packages\django\template\base.py", line 966, in render_annotated
    return self.render(context)
           ~~~~~~~~~~~^^^^^^^^^
  File "C:\Users\gazou\OneDrive\Desktop\LuaCheiaStore\backend\venv\Lib\site-packages\django\template\loader_tags.py", line 63, in render
    result = block.nodelist.render(context)
  File "C:\Users\gazou\OneDrive\Desktop\LuaCheiaStore\backend\venv\Lib\site-packages\django\template\base.py", line 1005, in render
    return SafeString("".join([node.render_annotated(context) for node in self]))
                               ~~~~~~~~~~~~~~~~~~~~~^^^^^^^^^
  File "C:\Users\gazou\OneDrive\Desktop\LuaCheiaStore\backend\venv\Lib\site-packages\django\template\base.py", line 966, in render_annotated
    return self.render(context)
           ~~~~~~~~~~~^^^^^^^^^
  File "C:\Users\gazou\OneDrive\Desktop\LuaCheiaStore\backend\venv\Lib\site-packages\django\template\loader_tags.py", line 63, in render
    result = block.nodelist.render(context)
  File "C:\Users\gazou\OneDrive\Desktop\LuaCheiaStore\backend\venv\Lib\site-packages\django\template\base.py", line 1005, in render
    return SafeString("".join([node.render_annotated(context) for node in self]))
                               ~~~~~~~~~~~~~~~~~~~~~^^^^^^^^^
  File "C:\Users\gazou\OneDrive\Desktop\LuaCheiaStore\backend\venv\Lib\site-packages\django\template\base.py", line 966, in render_annotated
    return self.render(context)
           ~~~~~~~~~~~^^^^^^^^^
  File "C:\Users\gazou\OneDrive\Desktop\LuaCheiaStore\backend\venv\Lib\site-packages\django\template\loader_tags.py", line 63, in render
    result = block.nodelist.render(context)
  File "C:\Users\gazou\OneDrive\Desktop\LuaCheiaStore\backend\venv\Lib\site-packages\django\template\base.py", line 1005, in render
    return SafeString("".join([node.render_annotated(context) for node in self]))
                               ~~~~~~~~~~~~~~~~~~~~~^^^^^^^^^
  File "C:\Users\gazou\OneDrive\Desktop\LuaCheiaStore\backend\venv\Lib\site-packages\django\template\base.py", line 966, in render_annotated
    return self.render(context)
           ~~~~~~~~~~~^^^^^^^^^
  File "C:\Users\gazou\OneDrive\Desktop\LuaCheiaStore\backend\venv\Lib\site-packages\django\contrib\admin\templatetags\base.py", line 45, in render
    return super().render(context)
           ~~~~~~~~~~~~~~^^^^^^^^^
  File "C:\Users\gazou\OneDrive\Desktop\LuaCheiaStore\backend\venv\Lib\site-packages\django\template\library.py", line 258, in render
    _dict = self.func(*resolved_args, **resolved_kwargs)
  File "C:\Users\gazou\OneDrive\Desktop\LuaCheiaStore\backend\venv\Lib\site-packages\django\contrib\admin\templatetags\admin_list.py", line 336, in result_list
    "results": list(results(cl)),
               ~~~~^^^^^^^^^^^^^
  File "C:\Users\gazou\OneDrive\Desktop\LuaCheiaStore\backend\venv\Lib\site-packages\django\contrib\admin\templatetags\admin_list.py", line 312, in results
    yield ResultList(None, items_for_result(cl, res, None))
          ~~~~~~~~~~^^^^^^^^^^^^^^^^^^^^^^^^^^^^^^^^^^^^^^^
  File "C:\Users\gazou\OneDrive\Desktop\LuaCheiaStore\backend\venv\Lib\site-packages\django\contrib\admin\templatetags\admin_list.py", line 303, in __init__
    super().__init__(*items)
    ~~~~~~~~~~~~~~~~^^^^^^^^
  File "C:\Users\gazou\OneDrive\Desktop\LuaCheiaStore\backend\venv\Lib\site-packages\django\contrib\admin\templatetags\admin_list.py", line 213, in items_for_result
    f, attr, value = lookup_field(field_name, result, cl.model_admin)
                     ~~~~~~~~~~~~^^^^^^^^^^^^^^^^^^^^^^^^^^^^^^^^^^^^
  File "C:\Users\gazou\OneDrive\Desktop\LuaCheiaStore\backend\venv\Lib\site-packages\django\contrib\admin\utils.py", line 281, in lookup_field
    value = attr(obj)
  File "C:\Users\gazou\OneDrive\Desktop\LuaCheiaStore\backend\store\admin.py", line 208, in items_count
    count = obj.cartorderitem_set.count()
            ^^^^^^^^^^^^^^^^^^^^^
AttributeError: 'CartOrder' object has no attribute 'cartorderitem_set'
ERROR 2025-07-09 23:14:49,785 basehttp 34680 31896 "GET /admin/store/cartorder/ HTTP/1.1" 500 443992
INFO 2025-07-09 23:14:52,508 middleware 34680 31896 Admin access by hussein from 127.0.0.1
INFO 2025-07-09 23:14:52,581 basehttp 34680 31896 "GET /admin/store/cartorderitem/ HTTP/1.1" 200 58250
INFO 2025-07-09 23:14:55,000 middleware 34680 31896 Admin access by hussein from 127.0.0.1
INFO 2025-07-09 23:14:55,027 basehttp 34680 31896 "GET /admin/store/color/ HTTP/1.1" 200 50356
INFO 2025-07-09 23:14:55,065 middleware 34680 31896 Admin access by hussein from 127.0.0.1
INFO 2025-07-09 23:14:55,069 basehttp 34680 31896 "GET /admin/jsi18n/ HTTP/1.1" 304 0
INFO 2025-07-09 23:15:06,034 basehttp 34680 30964 "GET /api/v1/cart-list/RANRJLRGAJJKOMBOLRNOMDMQEBOGHB/1/ HTTP/1.1" 304 0
INFO 2025-07-09 23:15:06,039 basehttp 34680 33296 "GET /api/v1/cart-detail/RANRJLRGAJJKOMBOLRNOMDMQEBOGHB/1/ HTTP/1.1" 304 0
INFO 2025-07-09 23:15:06,044 basehttp 34680 30964 "GET /api/v1/cart-list/RANRJLRGAJJKOMBOLRNOMDMQEBOGHB/1/ HTTP/1.1" 304 0
INFO 2025-07-09 23:15:06,048 basehttp 34680 33296 "GET /api/v1/cart-detail/RANRJLRGAJJKOMBOLRNOMDMQEBOGHB/1/ HTTP/1.1" 304 0
INFO 2025-07-09 23:15:07,919 basehttp 34680 30964 "GET /api/v1/offers-carousel/ HTTP/1.1" 304 0
INFO 2025-07-09 23:15:07,923 basehttp 34680 33296 "GET /api/v1/carousel/ HTTP/1.1" 304 0
INFO 2025-07-09 23:15:07,940 basehttp 34680 33736 "GET /api/v1/category/ HTTP/1.1" 304 0
INFO 2025-07-09 23:15:07,942 basehttp 34680 30964 "GET /api/v1/offers-carousel/ HTTP/1.1" 304 0
INFO 2025-07-09 23:15:07,948 basehttp 34680 33296 "GET /api/v1/carousel/ HTTP/1.1" 304 0
INFO 2025-07-09 23:15:07,967 basehttp 34680 25904 "GET /api/v1/banners/ HTTP/1.1" 304 0
INFO 2025-07-09 23:15:07,982 basehttp 34680 33736 "GET /api/v1/category/ HTTP/1.1" 304 0
INFO 2025-07-09 23:15:08,012 basehttp 34680 25904 "GET /api/v1/banners/ HTTP/1.1" 304 0
WARNING 2025-07-09 23:15:08,035 log 34680 30784 Not Found: /media/category.jpg
WARNING 2025-07-09 23:15:08,042 basehttp 34680 30784 "GET /media/category.jpg HTTP/1.1" 404 2713
INFO 2025-07-09 23:15:08,044 basehttp 34680 30784 - Broken pipe from ('127.0.0.1', 62783)
INFO 2025-07-09 23:15:08,240 basehttp 34680 31520 "GET /api/v1/most-viewed-products/ HTTP/1.1" 304 0
INFO 2025-07-09 23:15:08,548 basehttp 34680 31520 "GET /api/v1/most-viewed-products/ HTTP/1.1" 304 0
INFO 2025-07-09 23:15:11,456 basehttp 34680 25904 "GET /api/v1/category/ HTTP/1.1" 304 0
INFO 2025-07-09 23:15:11,477 basehttp 34680 25904 "GET /api/v1/category/ HTTP/1.1" 304 0
INFO 2025-07-09 23:15:11,648 basehttp 34680 31520 "GET /api/v1/products/ HTTP/1.1" 200 13468
INFO 2025-07-09 23:15:11,871 basehttp 34680 31520 "GET /api/v1/products/ HTTP/1.1" 304 0
INFO 2025-07-09 23:15:15,923 basehttp 34680 30964 "GET /api/v1/banners/ HTTP/1.1" 304 0
INFO 2025-07-09 23:15:15,926 basehttp 34680 25904 "GET /api/v1/offers-carousel/ HTTP/1.1" 304 0
INFO 2025-07-09 23:15:15,929 basehttp 34680 31520 "GET /api/v1/carousel/ HTTP/1.1" 304 0
INFO 2025-07-09 23:15:15,931 basehttp 34680 33736 "GET /api/v1/category/ HTTP/1.1" 304 0
INFO 2025-07-09 23:15:15,933 basehttp 34680 30964 "GET /api/v1/banners/ HTTP/1.1" 304 0
INFO 2025-07-09 23:15:15,943 basehttp 34680 25904 "GET /api/v1/offers-carousel/ HTTP/1.1" 304 0
INFO 2025-07-09 23:15:15,953 basehttp 34680 31520 "GET /api/v1/carousel/ HTTP/1.1" 304 0
INFO 2025-07-09 23:15:15,954 basehttp 34680 33736 "GET /api/v1/category/ HTTP/1.1" 304 0
WARNING 2025-07-09 23:15:15,993 log 34680 14136 Not Found: /media/category.jpg
WARNING 2025-07-09 23:15:15,997 basehttp 34680 14136 "GET /media/category.jpg HTTP/1.1" 404 2713
INFO 2025-07-09 23:15:16,093 basehttp 34680 33296 "GET /api/v1/most-viewed-products/ HTTP/1.1" 304 0
INFO 2025-07-09 23:15:16,278 basehttp 34680 33296 "GET /api/v1/most-viewed-products/ HTTP/1.1" 304 0
INFO 2025-07-09 23:15:18,711 basehttp 34680 33296 "GET /api/v1/products/cintokhakil1 HTTP/1.1" 301 0
INFO 2025-07-09 23:15:18,768 basehttp 34680 33736 "GET /api/v1/products/cintokhakil1/ HTTP/1.1" 200 2060
INFO 2025-07-09 23:15:18,823 basehttp 34680 31520 "GET /api/v1/reviews/5/ HTTP/1.1" 200 2
INFO 2025-07-09 23:15:18,859 basehttp 34680 33736 "GET /api/v1/products/cintokhakil1/ HTTP/1.1" 200 2060
INFO 2025-07-09 23:15:18,882 basehttp 34680 6452 "GET /media/products/cintostodos.png HTTP/1.1" 200 130908
INFO 2025-07-09 23:15:18,915 basehttp 34680 33736 "GET /api/v1/reviews/5/ HTTP/1.1" 304 0
INFO 2025-07-09 23:15:19,003 basehttp 34680 25904 "GET /api/v1/products/?category=5 HTTP/1.1" 200 13468
INFO 2025-07-09 23:15:19,119 basehttp 34680 33736 "GET /api/v1/products/?category=5 HTTP/1.1" 304 0
INFO 2025-07-09 23:15:20,730 basehttp 34680 31520 "GET /api/v1/category/ HTTP/1.1" 304 0
INFO 2025-07-09 23:15:20,730 basehttp 34680 25904 "GET /api/v1/offers-carousel/ HTTP/1.1" 304 0
INFO 2025-07-09 23:15:20,732 basehttp 34680 33736 "GET /api/v1/carousel/ HTTP/1.1" 304 0
INFO 2025-07-09 23:15:20,747 basehttp 34680 25904 "GET /api/v1/category/ HTTP/1.1" 304 0
INFO 2025-07-09 23:15:20,753 basehttp 34680 33736 "GET /api/v1/carousel/ HTTP/1.1" 304 0
INFO 2025-07-09 23:15:20,754 basehttp 34680 31520 "GET /api/v1/offers-carousel/ HTTP/1.1" 304 0
INFO 2025-07-09 23:15:20,754 basehttp 34680 11652 "GET /api/v1/banners/ HTTP/1.1" 304 0
INFO 2025-07-09 23:15:20,777 basehttp 34680 11652 "GET /api/v1/banners/ HTTP/1.1" 304 0
WARNING 2025-07-09 23:15:20,792 log 34680 6452 Not Found: /media/category.jpg
WARNING 2025-07-09 23:15:20,799 basehttp 34680 6452 "GET /media/category.jpg HTTP/1.1" 404 2713
INFO 2025-07-09 23:15:20,801 basehttp 34680 6452 - Broken pipe from ('127.0.0.1', 62798)
INFO 2025-07-09 23:15:20,900 basehttp 34680 30964 "GET /api/v1/most-viewed-products/ HTTP/1.1" 200 13468
INFO 2025-07-09 23:15:21,099 basehttp 34680 30964 "GET /api/v1/most-viewed-products/ HTTP/1.1" 304 0
INFO 2025-07-09 23:15:22,685 basehttp 34680 11652 "GET /api/v1/category/ HTTP/1.1" 304 0
INFO 2025-07-09 23:15:22,703 basehttp 34680 11652 "GET /api/v1/category/ HTTP/1.1" 304 0
INFO 2025-07-09 23:15:22,922 basehttp 34680 30964 "GET /api/v1/products/ HTTP/1.1" 200 13468
INFO 2025-07-09 23:15:23,223 basehttp 34680 30964 "GET /api/v1/products/ HTTP/1.1" 304 0
INFO 2025-07-09 23:15:28,368 basehttp 34680 30964 "GET /api/v1/products/cintokhakil1/ HTTP/1.1" 200 2060
INFO 2025-07-09 23:15:28,419 basehttp 34680 11652 "GET /api/v1/reviews/5/ HTTP/1.1" 304 0
INFO 2025-07-09 23:15:28,433 basehttp 34680 30964 "GET /api/v1/products/cintokhakil1/ HTTP/1.1" 200 2060
INFO 2025-07-09 23:15:28,452 basehttp 34680 30964 "GET /api/v1/reviews/5/ HTTP/1.1" 304 0
INFO 2025-07-09 23:15:28,552 basehttp 34680 31520 "GET /api/v1/products/?category=5 HTTP/1.1" 200 13468
INFO 2025-07-09 23:15:28,674 basehttp 34680 30964 "GET /api/v1/products/?category=5 HTTP/1.1" 304 0
INFO 2025-07-09 23:15:32,213 basehttp 34680 30964 "OPTIONS /api/v1/cart-view/ HTTP/1.1" 200 0
WARNING 2025-07-09 23:15:32,222 log 34680 30964 Bad Request: /api/v1/cart-view/
WARNING 2025-07-09 23:15:32,224 basehttp 34680 30964 "POST /api/v1/cart-view/ HTTP/1.1" 400 54
WARNING 2025-07-09 23:15:41,566 log 34680 30964 Bad Request: /api/v1/cart-view/
WARNING 2025-07-09 23:15:41,567 basehttp 34680 30964 "POST /api/v1/cart-view/ HTTP/1.1" 400 54
INFO 2025-07-09 23:15:44,856 basehttp 34680 30964 "POST /api/v1/cart-view/ HTTP/1.1" 201 53
INFO 2025-07-09 23:15:44,888 basehttp 34680 30964 "GET /api/v1/cart-list/RANRJLRGAJJKOMBOLRNOMDMQEBOGHB/1/ HTTP/1.1" 200 1967
INFO 2025-07-09 23:15:46,538 basehttp 34680 31520 "GET /api/v1/cart-detail/RANRJLRGAJJKOMBOLRNOMDMQEBOGHB/1/ HTTP/1.1" 200 76
INFO 2025-07-09 23:15:46,554 basehttp 34680 31520 "GET /api/v1/cart-detail/RANRJLRGAJJKOMBOLRNOMDMQEBOGHB/1/ HTTP/1.1" 304 0
INFO 2025-07-09 23:15:46,566 basehttp 34680 30964 "GET /api/v1/cart-list/RANRJLRGAJJKOMBOLRNOMDMQEBOGHB/1/ HTTP/1.1" 304 0
INFO 2025-07-09 23:15:46,623 basehttp 34680 30964 "GET /api/v1/cart-list/RANRJLRGAJJKOMBOLRNOMDMQEBOGHB/1/ HTTP/1.1" 304 0
INFO 2025-07-09 23:15:58,666 basehttp 34680 30964 "GET /api/v1/carousel/ HTTP/1.1" 304 0
INFO 2025-07-09 23:15:58,666 basehttp 34680 31520 "GET /api/v1/offers-carousel/ HTTP/1.1" 304 0
INFO 2025-07-09 23:15:58,673 basehttp 34680 11652 "GET /api/v1/category/ HTTP/1.1" 304 0
INFO 2025-07-09 23:15:58,674 basehttp 34680 25904 "GET /api/v1/banners/ HTTP/1.1" 304 0
INFO 2025-07-09 23:15:58,689 basehttp 34680 30964 "GET /api/v1/offers-carousel/ HTTP/1.1" 304 0
INFO 2025-07-09 23:15:58,693 basehttp 34680 31520 "GET /api/v1/carousel/ HTTP/1.1" 304 0
INFO 2025-07-09 23:15:58,695 basehttp 34680 25904 "GET /api/v1/category/ HTTP/1.1" 304 0
INFO 2025-07-09 23:15:58,696 basehttp 34680 11652 "GET /api/v1/banners/ HTTP/1.1" 304 0
WARNING 2025-07-09 23:15:58,758 log 34680 12112 Not Found: /media/category.jpg
WARNING 2025-07-09 23:15:58,764 basehttp 34680 12112 "GET /media/category.jpg HTTP/1.1" 404 2713
INFO 2025-07-09 23:15:58,766 basehttp 34680 12112 - Broken pipe from ('127.0.0.1', 62840)
INFO 2025-07-09 23:15:58,856 basehttp 34680 33736 "GET /api/v1/most-viewed-products/ HTTP/1.1" 200 13468
INFO 2025-07-09 23:15:58,980 basehttp 34680 11652 "GET /api/v1/most-viewed-products/ HTTP/1.1" 304 0
INFO 2025-07-09 23:16:01,547 basehttp 34680 11652 "GET /api/v1/products/luvakhaki130/ HTTP/1.1" 200 2321
INFO 2025-07-09 23:16:01,596 basehttp 34680 33736 "GET /api/v1/reviews/4/ HTTP/1.1" 304 0
INFO 2025-07-09 23:16:01,600 basehttp 34680 11652 "GET /api/v1/products/luvakhaki130/ HTTP/1.1" 200 2321
INFO 2025-07-09 23:16:01,616 basehttp 34680 11652 "GET /api/v1/reviews/4/ HTTP/1.1" 304 0
INFO 2025-07-09 23:16:01,751 basehttp 34680 25904 "GET /api/v1/products/?category=4 HTTP/1.1" 200 13468
INFO 2025-07-09 23:16:01,953 basehttp 34680 11652 "GET /api/v1/products/?category=4 HTTP/1.1" 304 0
INFO 2025-07-09 23:16:02,644 basehttp 34680 9892 - Broken pipe from ('127.0.0.1', 62845)
INFO 2025-07-09 23:16:02,649 basehttp 34680 18152 - Broken pipe from ('127.0.0.1', 62846)
INFO 2025-07-09 23:16:09,401 basehttp 34680 6140 - Broken pipe from ('127.0.0.1', 62861)
INFO 2025-07-09 23:16:10,833 basehttp 34680 27144 - Broken pipe from ('127.0.0.1', 62863)
INFO 2025-07-09 23:16:12,938 basehttp 34680 11652 "GET /api/v1/carousel/ HTTP/1.1" 304 0
INFO 2025-07-09 23:16:12,948 basehttp 34680 33736 "GET /api/v1/category/ HTTP/1.1" 304 0
INFO 2025-07-09 23:16:12,949 basehttp 34680 25904 "GET /api/v1/offers-carousel/ HTTP/1.1" 304 0
INFO 2025-07-09 23:16:12,951 basehttp 34680 11652 "GET /api/v1/carousel/ HTTP/1.1" 304 0
INFO 2025-07-09 23:16:12,958 basehttp 34680 30964 "GET /api/v1/banners/ HTTP/1.1" 304 0
INFO 2025-07-09 23:16:12,970 basehttp 34680 33736 "GET /api/v1/category/ HTTP/1.1" 304 0
INFO 2025-07-09 23:16:12,973 basehttp 34680 25904 "GET /api/v1/offers-carousel/ HTTP/1.1" 304 0
INFO 2025-07-09 23:16:12,986 basehttp 34680 30964 "GET /api/v1/banners/ HTTP/1.1" 304 0
WARNING 2025-07-09 23:16:13,029 log 34680 28988 Not Found: /media/category.jpg
WARNING 2025-07-09 23:16:13,034 basehttp 34680 28988 "GET /media/category.jpg HTTP/1.1" 404 2713
INFO 2025-07-09 23:16:13,170 basehttp 34680 31520 "GET /api/v1/most-viewed-products/ HTTP/1.1" 200 13468
INFO 2025-07-09 23:16:13,376 basehttp 34680 31520 "GET /api/v1/most-viewed-products/ HTTP/1.1" 304 0
INFO 2025-07-09 23:16:15,355 basehttp 34680 31520 "GET /api/v1/products/muchilaapk30l/ HTTP/1.1" 200 4315
INFO 2025-07-09 23:16:15,410 basehttp 34680 31520 "GET /api/v1/reviews/1/ HTTP/1.1" 304 0
INFO 2025-07-09 23:16:15,437 basehttp 34680 30964 "GET /api/v1/products/muchilaapk30l/ HTTP/1.1" 200 4315
INFO 2025-07-09 23:16:15,470 basehttp 34680 30964 "GET /api/v1/reviews/1/ HTTP/1.1" 304 0
INFO 2025-07-09 23:16:15,592 basehttp 34680 25904 "GET /api/v1/products/?category=1 HTTP/1.1" 200 13468
INFO 2025-07-09 23:16:15,758 basehttp 34680 30964 "GET /api/v1/products/?category=1 HTTP/1.1" 304 0
INFO 2025-07-09 23:16:18,220 basehttp 34680 30964 "POST /api/v1/cart-view/ HTTP/1.1" 201 59
INFO 2025-07-09 23:16:18,255 basehttp 34680 30964 "GET /api/v1/cart-list/RANRJLRGAJJKOMBOLRNOMDMQEBOGHB/1/ HTTP/1.1" 200 4065
INFO 2025-07-09 23:16:19,910 basehttp 34680 24736 "GET /media/colors/verde_30l.webp HTTP/1.1" 200 36524
INFO 2025-07-09 23:16:19,915 basehttp 34680 28956 "GET /media/products/verde_30l_lOlxf79.webp HTTP/1.1" 200 36524
INFO 2025-07-09 23:16:19,952 basehttp 34680 22052 "GET /media/products/verde_30l_02_DLeOE8j.png HTTP/1.1" 200 353737
INFO 2025-07-09 23:16:19,956 basehttp 34680 23640 "GET /media/products/verde_30l_03_JMrJKjM.png HTTP/1.1" 200 404300
WARNING 2025-07-09 23:16:21,944 log 34680 30964 Bad Request: /api/v1/cart-view/
WARNING 2025-07-09 23:16:21,948 basehttp 34680 30964 "POST /api/v1/cart-view/ HTTP/1.1" 400 60
INFO 2025-07-09 23:16:25,532 basehttp 34680 30964 "POST /api/v1/cart-view/ HTTP/1.1" 201 59
INFO 2025-07-09 23:16:25,626 basehttp 34680 30964 "GET /api/v1/cart-list/RANRJLRGAJJKOMBOLRNOMDMQEBOGHB/1/ HTTP/1.1" 200 6164
INFO 2025-07-09 23:16:26,713 basehttp 34680 23640 "GET /media/colors/preto30l_Ubnl6El.jpg HTTP/1.1" 200 53391
INFO 2025-07-09 23:16:26,714 basehttp 34680 28956 "GET /media/products/preto30l_03_3mEnIPb.jpg HTTP/1.1" 200 98816
INFO 2025-07-09 23:16:26,714 basehttp 34680 22052 "GET /media/products/preto30l_02_i36zxcS.png HTTP/1.1" 200 88462
WARNING 2025-07-09 23:16:29,108 log 34680 30964 Bad Request: /api/v1/cart-view/
WARNING 2025-07-09 23:16:29,110 basehttp 34680 30964 "POST /api/v1/cart-view/ HTTP/1.1" 400 60
INFO 2025-07-09 23:16:32,289 basehttp 34680 30964 "POST /api/v1/cart-view/ HTTP/1.1" 201 59
INFO 2025-07-09 23:16:32,370 basehttp 34680 30964 "GET /api/v1/cart-list/RANRJLRGAJJKOMBOLRNOMDMQEBOGHB/1/ HTTP/1.1" 200 8263
INFO 2025-07-09 23:16:33,965 basehttp 34680 25904 "GET /api/v1/cart-detail/RANRJLRGAJJKOMBOLRNOMDMQEBOGHB/1/ HTTP/1.1" 200 78
INFO 2025-07-09 23:16:33,983 basehttp 34680 25904 "GET /api/v1/cart-detail/RANRJLRGAJJKOMBOLRNOMDMQEBOGHB/1/ HTTP/1.1" 304 0
INFO 2025-07-09 23:16:34,033 basehttp 34680 30964 "GET /api/v1/cart-list/RANRJLRGAJJKOMBOLRNOMDMQEBOGHB/1/ HTTP/1.1" 304 0
INFO 2025-07-09 23:16:34,151 basehttp 34680 30964 "GET /api/v1/cart-list/RANRJLRGAJJKOMBOLRNOMDMQEBOGHB/1/ HTTP/1.1" 304 0
WARNING 2025-07-09 23:16:38,751 log 34680 30964 Bad Request: /api/v1/cart-view/
WARNING 2025-07-09 23:16:38,752 basehttp 34680 30964 "POST /api/v1/cart-view/ HTTP/1.1" 400 75
INFO 2025-07-09 23:16:49,815 basehttp 34680 25904 "GET /api/v1/offers-carousel/ HTTP/1.1" 304 0
INFO 2025-07-09 23:16:49,815 basehttp 34680 11652 "GET /api/v1/banners/ HTTP/1.1" 304 0
INFO 2025-07-09 23:16:49,816 basehttp 34680 30964 "GET /api/v1/carousel/ HTTP/1.1" 304 0
INFO 2025-07-09 23:16:49,820 basehttp 34680 31520 "GET /api/v1/category/ HTTP/1.1" 304 0
INFO 2025-07-09 23:16:49,831 basehttp 34680 25904 "GET /api/v1/offers-carousel/ HTTP/1.1" 304 0
INFO 2025-07-09 23:16:49,831 basehttp 34680 11652 "GET /api/v1/carousel/ HTTP/1.1" 304 0
INFO 2025-07-09 23:16:49,837 basehttp 34680 30964 "GET /api/v1/banners/ HTTP/1.1" 304 0
INFO 2025-07-09 23:16:49,845 basehttp 34680 31520 "GET /api/v1/category/ HTTP/1.1" 304 0
WARNING 2025-07-09 23:16:49,862 log 34680 22052 Not Found: /media/category.jpg
WARNING 2025-07-09 23:16:49,866 basehttp 34680 22052 "GET /media/category.jpg HTTP/1.1" 404 2713
INFO 2025-07-09 23:16:49,987 basehttp 34680 33736 "GET /api/v1/most-viewed-products/ HTTP/1.1" 200 13468
INFO 2025-07-09 23:16:50,143 basehttp 34680 31520 "GET /api/v1/most-viewed-products/ HTTP/1.1" 304 0
INFO 2025-07-09 23:16:52,488 basehttp 34680 31520 "GET /api/v1/products/muchilaapk30l/ HTTP/1.1" 200 4315
INFO 2025-07-09 23:16:52,526 basehttp 34680 31520 "GET /api/v1/reviews/1/ HTTP/1.1" 304 0
INFO 2025-07-09 23:16:52,546 basehttp 34680 33736 "GET /api/v1/products/muchilaapk30l/ HTTP/1.1" 200 4315
INFO 2025-07-09 23:16:52,565 basehttp 34680 33736 "GET /api/v1/reviews/1/ HTTP/1.1" 304 0
INFO 2025-07-09 23:16:52,660 basehttp 34680 30964 "GET /api/v1/products/?category=1 HTTP/1.1" 200 13468
INFO 2025-07-09 23:16:52,804 basehttp 34680 33736 "GET /api/v1/products/?category=1 HTTP/1.1" 304 0
INFO 2025-07-09 23:16:54,992 basehttp 34680 33736 "POST /api/v1/cart-view/ HTTP/1.1" 200 77
INFO 2025-07-09 23:16:55,057 basehttp 34680 33736 "GET /api/v1/cart-list/RANRJLRGAJJKOMBOLRNOMDMQEBOGHB/1/ HTTP/1.1" 200 8264
INFO 2025-07-09 23:16:59,837 basehttp 34680 30964 "GET /api/v1/cart-detail/RANRJLRGAJJKOMBOLRNOMDMQEBOGHB/1/ HTTP/1.1" 200 79
INFO 2025-07-09 23:16:59,851 basehttp 34680 30964 "GET /api/v1/cart-detail/RANRJLRGAJJKOMBOLRNOMDMQEBOGHB/1/ HTTP/1.1" 304 0
INFO 2025-07-09 23:16:59,896 basehttp 34680 33736 "GET /api/v1/cart-list/RANRJLRGAJJKOMBOLRNOMDMQEBOGHB/1/ HTTP/1.1" 304 0
INFO 2025-07-09 23:17:00,023 basehttp 34680 33736 "GET /api/v1/cart-list/RANRJLRGAJJKOMBOLRNOMDMQEBOGHB/1/ HTTP/1.1" 304 0
WARNING 2025-07-09 23:17:03,107 log 34680 33736 Bad Request: /api/v1/cart-view/
WARNING 2025-07-09 23:17:03,108 basehttp 34680 33736 "POST /api/v1/cart-view/ HTTP/1.1" 400 101
WARNING 2025-07-09 23:17:05,843 log 34680 33736 Bad Request: /api/v1/cart-view/
WARNING 2025-07-09 23:17:05,846 basehttp 34680 33736 "POST /api/v1/cart-view/ HTTP/1.1" 400 95
ERROR 2025-07-09 23:17:32,459 log 34680 33736 Internal Server Error: /api/v1/products/5/
Traceback (most recent call last):
  File "C:\Users\gazou\OneDrive\Desktop\LuaCheiaStore\backend\venv\Lib\site-packages\django\core\handlers\exception.py", line 55, in inner
    response = get_response(request)
  File "C:\Users\gazou\OneDrive\Desktop\LuaCheiaStore\backend\venv\Lib\site-packages\django\core\handlers\base.py", line 197, in _get_response
    response = wrapped_callback(request, *callback_args, **callback_kwargs)
  File "C:\Users\gazou\OneDrive\Desktop\LuaCheiaStore\backend\venv\Lib\site-packages\django\views\decorators\csrf.py", line 56, in wrapper_view
    return view_func(*args, **kwargs)
  File "C:\Users\gazou\OneDrive\Desktop\LuaCheiaStore\backend\venv\Lib\site-packages\django\views\generic\base.py", line 104, in view
    return self.dispatch(request, *args, **kwargs)
           ~~~~~~~~~~~~~^^^^^^^^^^^^^^^^^^^^^^^^^^
  File "C:\Users\gazou\OneDrive\Desktop\LuaCheiaStore\backend\venv\Lib\site-packages\rest_framework\views.py", line 509, in dispatch
    response = self.handle_exception(exc)
  File "C:\Users\gazou\OneDrive\Desktop\LuaCheiaStore\backend\venv\Lib\site-packages\rest_framework\views.py", line 469, in handle_exception
    self.raise_uncaught_exception(exc)
    ~~~~~~~~~~~~~~~~~~~~~~~~~~~~~^^^^^
  File "C:\Users\gazou\OneDrive\Desktop\LuaCheiaStore\backend\venv\Lib\site-packages\rest_framework\views.py", line 480, in raise_uncaught_exception
    raise exc
  File "C:\Users\gazou\OneDrive\Desktop\LuaCheiaStore\backend\venv\Lib\site-packages\rest_framework\views.py", line 506, in dispatch
    response = handler(request, *args, **kwargs)
  File "C:\Users\gazou\OneDrive\Desktop\LuaCheiaStore\backend\venv\Lib\site-packages\rest_framework\generics.py", line 208, in get
    return self.retrieve(request, *args, **kwargs)
           ~~~~~~~~~~~~~^^^^^^^^^^^^^^^^^^^^^^^^^^
  File "C:\Users\gazou\OneDrive\Desktop\LuaCheiaStore\backend\venv\Lib\site-packages\rest_framework\mixins.py", line 54, in retrieve
    instance = self.get_object()
  File "C:\Users\gazou\OneDrive\Desktop\LuaCheiaStore\backend\store\views.py", line 160, in get_object
    product = Product.objects.get(slug=slug)
  File "C:\Users\gazou\OneDrive\Desktop\LuaCheiaStore\backend\venv\Lib\site-packages\django\db\models\manager.py", line 87, in manager_method
    return getattr(self.get_queryset(), name)(*args, **kwargs)
           ~~~~~~~~~~~~~~~~~~~~~~~~~~~~~~~~~~^^^^^^^^^^^^^^^^^
  File "C:\Users\gazou\OneDrive\Desktop\LuaCheiaStore\backend\venv\Lib\site-packages\django\db\models\query.py", line 637, in get
    raise self.model.DoesNotExist(
        "%s matching query does not exist." % self.model._meta.object_name
    )
store.models.Product.DoesNotExist: Product matching query does not exist.
ERROR 2025-07-09 23:17:32,479 basehttp 34680 33736 "GET /api/v1/products/5/ HTTP/1.1" 500 25277
INFO 2025-07-09 23:18:06,663 basehttp 34680 25904 "GET /api/v1/banners/ HTTP/1.1" 304 0
INFO 2025-07-09 23:18:06,666 basehttp 34680 30964 "GET /api/v1/offers-carousel/ HTTP/1.1" 304 0
INFO 2025-07-09 23:18:06,669 basehttp 34680 33736 "GET /api/v1/carousel/ HTTP/1.1" 304 0
INFO 2025-07-09 23:18:06,679 basehttp 34680 31520 "GET /api/v1/category/ HTTP/1.1" 304 0
INFO 2025-07-09 23:18:06,680 basehttp 34680 25904 "GET /api/v1/banners/ HTTP/1.1" 304 0
INFO 2025-07-09 23:18:06,688 basehttp 34680 33736 "GET /api/v1/carousel/ HTTP/1.1" 304 0
INFO 2025-07-09 23:18:06,689 basehttp 34680 30964 "GET /api/v1/offers-carousel/ HTTP/1.1" 304 0
INFO 2025-07-09 23:18:06,696 basehttp 34680 31520 "GET /api/v1/category/ HTTP/1.1" 304 0
WARNING 2025-07-09 23:18:06,712 log 34680 28956 Not Found: /media/category.jpg
WARNING 2025-07-09 23:18:06,713 basehttp 34680 28956 "GET /media/category.jpg HTTP/1.1" 404 2713
INFO 2025-07-09 23:18:06,856 basehttp 34680 11652 "GET /api/v1/most-viewed-products/ HTTP/1.1" 200 13468
INFO 2025-07-09 23:18:07,089 basehttp 34680 11652 "GET /api/v1/most-viewed-products/ HTTP/1.1" 304 0
INFO 2025-07-09 23:18:08,303 basehttp 34680 31520 "GET /api/v1/cart-detail/RANRJLRGAJJKOMBOLRNOMDMQEBOGHB/1/ HTTP/1.1" 304 0
INFO 2025-07-09 23:18:08,321 basehttp 34680 31520 "GET /api/v1/cart-detail/RANRJLRGAJJKOMBOLRNOMDMQEBOGHB/1/ HTTP/1.1" 304 0
INFO 2025-07-09 23:18:08,387 basehttp 34680 11652 "GET /api/v1/cart-list/RANRJLRGAJJKOMBOLRNOMDMQEBOGHB/1/ HTTP/1.1" 304 0
INFO 2025-07-09 23:18:08,554 basehttp 34680 11652 "GET /api/v1/cart-list/RANRJLRGAJJKOMBOLRNOMDMQEBOGHB/1/ HTTP/1.1" 304 0
INFO 2025-07-09 23:18:33,250 basehttp 34680 31520 "GET /api/v1/offers-carousel/ HTTP/1.1" 304 0
INFO 2025-07-09 23:18:33,255 basehttp 34680 30964 "GET /api/v1/category/ HTTP/1.1" 304 0
INFO 2025-07-09 23:18:33,257 basehttp 34680 25904 "GET /api/v1/banners/ HTTP/1.1" 304 0
INFO 2025-07-09 23:18:33,257 basehttp 34680 11652 "GET /api/v1/carousel/ HTTP/1.1" 304 0
INFO 2025-07-09 23:18:33,269 basehttp 34680 31520 "GET /api/v1/offers-carousel/ HTTP/1.1" 304 0
INFO 2025-07-09 23:18:33,282 basehttp 34680 11652 "GET /api/v1/banners/ HTTP/1.1" 304 0
INFO 2025-07-09 23:18:33,287 basehttp 34680 30964 "GET /api/v1/category/ HTTP/1.1" 304 0
INFO 2025-07-09 23:18:33,290 basehttp 34680 25904 "GET /api/v1/carousel/ HTTP/1.1" 304 0
WARNING 2025-07-09 23:18:33,302 log 34680 23640 Not Found: /media/category.jpg
WARNING 2025-07-09 23:18:33,305 basehttp 34680 23640 "GET /media/category.jpg HTTP/1.1" 404 2713
INFO 2025-07-09 23:18:33,471 basehttp 34680 33736 "GET /api/v1/most-viewed-products/ HTTP/1.1" 304 0
INFO 2025-07-09 23:18:33,745 basehttp 34680 33736 "GET /api/v1/most-viewed-products/ HTTP/1.1" 304 0
INFO 2025-07-09 23:18:37,658 basehttp 34680 25904 "GET /api/v1/category/ HTTP/1.1" 304 0
INFO 2025-07-09 23:18:37,675 basehttp 34680 25904 "GET /api/v1/category/ HTTP/1.1" 304 0
INFO 2025-07-09 23:18:37,814 basehttp 34680 33736 "GET /api/v1/products/ HTTP/1.1" 200 13468
INFO 2025-07-09 23:18:37,972 basehttp 34680 25904 "GET /api/v1/products/ HTTP/1.1" 304 0
INFO 2025-07-09 23:18:40,856 basehttp 34680 25904 "GET /api/v1/carousel/ HTTP/1.1" 304 0
INFO 2025-07-09 23:18:40,857 basehttp 34680 33736 "GET /api/v1/offers-carousel/ HTTP/1.1" 304 0
INFO 2025-07-09 23:18:40,859 basehttp 34680 31520 "GET /api/v1/banners/ HTTP/1.1" 304 0
INFO 2025-07-09 23:18:40,865 basehttp 34680 30964 "GET /api/v1/category/ HTTP/1.1" 304 0
INFO 2025-07-09 23:18:40,879 basehttp 34680 25904 "GET /api/v1/carousel/ HTTP/1.1" 304 0
INFO 2025-07-09 23:18:40,887 basehttp 34680 31520 "GET /api/v1/banners/ HTTP/1.1" 304 0
INFO 2025-07-09 23:18:40,887 basehttp 34680 33736 "GET /api/v1/offers-carousel/ HTTP/1.1" 304 0
INFO 2025-07-09 23:18:40,891 basehttp 34680 30964 "GET /api/v1/category/ HTTP/1.1" 304 0
WARNING 2025-07-09 23:18:40,910 log 34680 24736 Not Found: /media/category.jpg
WARNING 2025-07-09 23:18:40,913 basehttp 34680 24736 "GET /media/category.jpg HTTP/1.1" 404 2713
INFO 2025-07-09 23:18:41,031 basehttp 34680 11652 "GET /api/v1/most-viewed-products/ HTTP/1.1" 304 0
INFO 2025-07-09 23:18:41,214 basehttp 34680 11652 "GET /api/v1/most-viewed-products/ HTTP/1.1" 304 0
INFO 2025-07-09 23:18:46,101 basehttp 34680 30964 "GET /api/v1/category/ HTTP/1.1" 304 0
INFO 2025-07-09 23:18:46,112 basehttp 34680 30964 "GET /api/v1/category/ HTTP/1.1" 304 0
INFO 2025-07-09 23:18:46,294 basehttp 34680 11652 "GET /api/v1/products/ HTTP/1.1" 304 0
INFO 2025-07-09 23:18:46,539 basehttp 34680 11652 "GET /api/v1/products/ HTTP/1.1" 304 0
INFO 2025-07-09 23:18:50,420 basehttp 34680 33736 "GET /api/v1/category/ HTTP/1.1" 304 0
INFO 2025-07-09 23:18:50,420 basehttp 34680 30964 "GET /api/v1/offers-carousel/ HTTP/1.1" 304 0
INFO 2025-07-09 23:18:50,423 basehttp 34680 11652 "GET /api/v1/carousel/ HTTP/1.1" 304 0
INFO 2025-07-09 23:18:50,428 basehttp 34680 25904 "GET /api/v1/banners/ HTTP/1.1" 304 0
INFO 2025-07-09 23:18:50,438 basehttp 34680 33736 "GET /api/v1/category/ HTTP/1.1" 304 0
INFO 2025-07-09 23:18:50,443 basehttp 34680 11652 "GET /api/v1/carousel/ HTTP/1.1" 304 0
INFO 2025-07-09 23:18:50,454 basehttp 34680 30964 "GET /api/v1/offers-carousel/ HTTP/1.1" 304 0
INFO 2025-07-09 23:18:50,455 basehttp 34680 25904 "GET /api/v1/banners/ HTTP/1.1" 304 0
WARNING 2025-07-09 23:18:50,503 log 34680 17620 Not Found: /media/category.jpg
WARNING 2025-07-09 23:18:50,507 basehttp 34680 17620 "GET /media/category.jpg HTTP/1.1" 404 2713
INFO 2025-07-09 23:18:50,509 basehttp 34680 17620 - Broken pipe from ('127.0.0.1', 63075)
INFO 2025-07-09 23:18:50,605 basehttp 34680 31520 "GET /api/v1/most-viewed-products/ HTTP/1.1" 304 0
INFO 2025-07-09 23:18:50,782 basehttp 34680 31520 "GET /api/v1/most-viewed-products/ HTTP/1.1" 304 0
INFO 2025-07-09 23:19:06,063 middleware 34680 31896 Admin access by hussein from 127.0.0.1
INFO 2025-07-09 23:19:06,162 basehttp 34680 31896 "GET /admin/store/product/ HTTP/1.1" 200 54544
INFO 2025-07-09 23:19:06,191 basehttp 34680 31896 "GET /static/vendor/fontawesome-free/css/all.min.css HTTP/1.1" 304 0
INFO 2025-07-09 23:19:06,193 basehttp 34680 24924 "GET /static/vendor/adminlte/css/adminlte.min.css HTTP/1.1" 304 0
INFO 2025-07-09 23:19:06,193 basehttp 34680 26800 "GET /static/jazzmin/css/main.css HTTP/1.1" 304 0
INFO 2025-07-09 23:19:06,194 basehttp 34680 33260 "GET /static/vendor/select2/css/select2.min.css HTTP/1.1" 304 0
INFO 2025-07-09 23:19:06,195 basehttp 34680 31896 "GET /static/admin/js/jquery.init.js HTTP/1.1" 304 0
INFO 2025-07-09 23:19:06,197 basehttp 34680 24924 "GET /static/admin/js/core.js HTTP/1.1" 304 0
INFO 2025-07-09 23:19:06,198 basehttp 34680 34520 "GET /static/admin/js/vendor/jquery/jquery.js HTTP/1.1" 304 0
INFO 2025-07-09 23:19:06,201 basehttp 34680 33260 "GET /static/admin/js/actions.js HTTP/1.1" 304 0
INFO 2025-07-09 23:19:06,202 middleware 34680 10116 Admin access by hussein from 127.0.0.1
INFO 2025-07-09 23:19:06,202 basehttp 34680 24924 "GET /static/admin/js/vendor/xregexp/xregexp.js HTTP/1.1" 304 0
INFO 2025-07-09 23:19:06,202 basehttp 34680 26800 "GET /static/admin/js/admin/RelatedObjectLookups.js HTTP/1.1" 304 0
INFO 2025-07-09 23:19:06,203 basehttp 34680 31896 "GET /static/admin/js/urlify.js HTTP/1.1" 304 0
INFO 2025-07-09 23:19:06,205 basehttp 34680 34520 "GET /static/admin/js/prepopulate.js HTTP/1.1" 304 0
INFO 2025-07-09 23:19:06,207 basehttp 34680 10116 "GET /admin/jsi18n/ HTTP/1.1" 304 0
INFO 2025-07-09 23:19:06,207 basehttp 34680 24924 "GET /static/vendor/bootstrap/js/bootstrap.min.js HTTP/1.1" 304 0
INFO 2025-07-09 23:19:06,209 basehttp 34680 31896 "GET /static/vendor/adminlte/img/AdminLTELogo.png HTTP/1.1" 304 0
INFO 2025-07-09 23:19:06,722 basehttp 34680 31896 "GET /static/vendor/adminlte/js/adminlte.min.js HTTP/1.1" 304 0
INFO 2025-07-09 23:19:06,745 basehttp 34680 31896 "GET /static/jazzmin/js/main.js HTTP/1.1" 304 0
INFO 2025-07-09 23:19:06,759 basehttp 34680 10116 "GET /static/jazzmin/js/change_list.js HTTP/1.1" 304 0
INFO 2025-07-09 23:19:06,759 basehttp 34680 31896 "GET /static/jazzmin/js/ui-builder.js HTTP/1.1" 304 0
INFO 2025-07-09 23:19:06,759 basehttp 34680 24924 "GET /static/vendor/select2/js/select2.min.js HTTP/1.1" 304 0
INFO 2025-07-09 23:19:06,797 basehttp 34680 31896 "GET /static/vendor/fontawesome-free/webfonts/fa-regular-400.woff2 HTTP/1.1" 304 0
INFO 2025-07-09 23:19:06,797 basehttp 34680 24924 "GET /static/vendor/fontawesome-free/webfonts/fa-solid-900.woff2 HTTP/1.1" 304 0
INFO 2025-07-09 23:19:10,783 middleware 34680 26528 Admin access by hussein from 127.0.0.1
INFO 2025-07-09 23:19:11,056 basehttp 34680 26528 "GET /admin/store/product/3/change/ HTTP/1.1" 200 101434
INFO 2025-07-09 23:19:11,098 basehttp 34680 15564 "GET /static/admin/js/inlines.js HTTP/1.1" 304 0
INFO 2025-07-09 23:19:11,099 basehttp 34680 27236 "GET /static/admin/js/collapse.js HTTP/1.1" 304 0
INFO 2025-07-09 23:19:11,100 basehttp 34680 26224 "GET /static/admin/img/icon-changelink.svg HTTP/1.1" 304 0
INFO 2025-07-09 23:19:11,102 middleware 34680 26528 Admin access by hussein from 127.0.0.1
INFO 2025-07-09 23:19:11,102 basehttp 34680 11816 "GET /static/admin/img/icon-addlink.svg HTTP/1.1" 304 0
INFO 2025-07-09 23:19:11,106 basehttp 34680 26528 "GET /admin/jsi18n/ HTTP/1.1" 304 0
INFO 2025-07-09 23:19:11,219 basehttp 34680 11816 "GET /static/admin/img/icon-viewlink.svg HTTP/1.1" 304 0
INFO 2025-07-09 23:19:11,219 basehttp 34680 26528 "GET /static/admin/img/icon-deletelink.svg HTTP/1.1" 304 0
INFO 2025-07-09 23:19:11,227 basehttp 34680 11816 "GET /static/admin/js/prepopulate_init.js HTTP/1.1" 304 0
INFO 2025-07-09 23:19:11,227 basehttp 34680 26528 "GET /static/admin/js/change_form.js HTTP/1.1" 304 0
INFO 2025-07-09 23:19:11,235 basehttp 34680 11816 "GET /static/admin/img/icon-yes.svg HTTP/1.1" 304 0
INFO 2025-07-09 23:19:11,235 basehttp 34680 26528 "GET /static/jazzmin/js/change_form.js HTTP/1.1" 304 0
INFO 2025-07-09 23:19:28,104 middleware 34680 26528 Admin access by hussein from 127.0.0.1
INFO 2025-07-09 23:19:28,141 basehttp 34680 26528 "GET /admin/store/cart/ HTTP/1.1" 200 45587
INFO 2025-07-09 23:19:28,182 middleware 34680 26528 Admin access by hussein from 127.0.0.1
INFO 2025-07-09 23:19:28,187 basehttp 34680 26528 "GET /admin/jsi18n/ HTTP/1.1" 304 0
INFO 2025-07-09 23:19:29,086 middleware 34680 26528 Admin access by hussein from 127.0.0.1
INFO 2025-07-09 23:19:29,135 basehttp 34680 26528 "GET /admin/store/cartorderitem/ HTTP/1.1" 200 58250
INFO 2025-07-09 23:19:29,167 middleware 34680 26528 Admin access by hussein from 127.0.0.1
INFO 2025-07-09 23:19:29,170 basehttp 34680 26528 "GET /admin/jsi18n/ HTTP/1.1" 304 0
INFO 2025-07-09 23:19:30,427 middleware 34680 26528 Admin access by hussein from 127.0.0.1
INFO 2025-07-09 23:19:30,448 basehttp 34680 26528 "GET /admin/store/carouselimage/ HTTP/1.1" 200 43325
INFO 2025-07-09 23:19:30,493 basehttp 34680 11816 "GET /media/carousel/catousel_banner_2.jpg HTTP/1.1" 304 0
INFO 2025-07-09 23:19:30,495 middleware 34680 26528 Admin access by hussein from 127.0.0.1
INFO 2025-07-09 23:19:30,496 basehttp 34680 26224 "GET /media/carousel/banner1.webp HTTP/1.1" 304 0
INFO 2025-07-09 23:19:30,499 basehttp 34680 26528 "GET /admin/jsi18n/ HTTP/1.1" 304 0
INFO 2025-07-09 23:19:31,508 middleware 34680 26528 Admin access by hussein from 127.0.0.1
ERROR 2025-07-09 23:19:31,603 log 34680 26528 Internal Server Error: /admin/store/carouselautomationproxy/
Traceback (most recent call last):
  File "C:\Users\gazou\OneDrive\Desktop\LuaCheiaStore\backend\venv\Lib\site-packages\django\core\handlers\exception.py", line 55, in inner
    response = get_response(request)
  File "C:\Users\gazou\OneDrive\Desktop\LuaCheiaStore\backend\venv\Lib\site-packages\django\core\handlers\base.py", line 197, in _get_response
    response = wrapped_callback(request, *callback_args, **callback_kwargs)
  File "C:\Users\gazou\OneDrive\Desktop\LuaCheiaStore\backend\venv\Lib\site-packages\django\contrib\admin\options.py", line 688, in wrapper
    return self.admin_site.admin_view(view)(*args, **kwargs)
           ~~~~~~~~~~~~~~~~~~~~~~~~~~~~~~~~^^^^^^^^^^^^^^^^^
  File "C:\Users\gazou\OneDrive\Desktop\LuaCheiaStore\backend\venv\Lib\site-packages\django\utils\decorators.py", line 134, in _wrapper_view
    response = view_func(request, *args, **kwargs)
  File "C:\Users\gazou\OneDrive\Desktop\LuaCheiaStore\backend\venv\Lib\site-packages\django\views\decorators\cache.py", line 62, in _wrapper_view_func
    response = view_func(request, *args, **kwargs)
  File "C:\Users\gazou\OneDrive\Desktop\LuaCheiaStore\backend\venv\Lib\site-packages\django\contrib\admin\sites.py", line 242, in inner
    return view(request, *args, **kwargs)
  File "C:\Users\gazou\OneDrive\Desktop\LuaCheiaStore\backend\store\admin.py", line 408, in changelist_view
    'trending_products_count': automation.get_trending_products().count(),
                               ~~~~~~~~~~~~~~~~~~~~~~~~~~~~~~~~^^
  File "C:\Users\gazou\OneDrive\Desktop\LuaCheiaStore\backend\store\carousel_automation.py", line 45, in get_trending_products
    ).annotate(
      ~~~~~~~~^
        recent_orders=Count(
        ^^^^^^^^^^^^^^^^^^^^
    ...<7 lines>...
        avg_rating=Avg('review__rating')
        ^^^^^^^^^^^^^^^^^^^^^^^^^^^^^^^^
    ).filter(
    ^
  File "C:\Users\gazou\OneDrive\Desktop\LuaCheiaStore\backend\venv\Lib\site-packages\django\db\models\query.py", line 1590, in annotate
    return self._annotate(args, kwargs, select=True)
           ~~~~~~~~~~~~~~^^^^^^^^^^^^^^^^^^^^^^^^^^^
  File "C:\Users\gazou\OneDrive\Desktop\LuaCheiaStore\backend\venv\Lib\site-packages\django\db\models\query.py", line 1638, in _annotate
    clone.query.add_annotation(
    ~~~~~~~~~~~~~~~~~~~~~~~~~~^
        annotation,
        ^^^^^^^^^^^
        alias,
        ^^^^^^
        select=select,
        ^^^^^^^^^^^^^^
    )
    ^
  File "C:\Users\gazou\OneDrive\Desktop\LuaCheiaStore\backend\venv\Lib\site-packages\django\db\models\sql\query.py", line 1086, in add_annotation
    annotation = annotation.resolve_expression(self, allow_joins=True, reuse=None)
  File "C:\Users\gazou\OneDrive\Desktop\LuaCheiaStore\backend\venv\Lib\site-packages\django\db\models\aggregates.py", line 64, in resolve_expression
    c = super().resolve_expression(query, allow_joins, reuse, summarize)
  File "C:\Users\gazou\OneDrive\Desktop\LuaCheiaStore\backend\venv\Lib\site-packages\django\db\models\expressions.py", line 942, in resolve_expression
    c.source_expressions[pos] = arg.resolve_expression(
                                ~~~~~~~~~~~~~~~~~~~~~~^
        query, allow_joins, reuse, summarize, for_save
        ^^^^^^^^^^^^^^^^^^^^^^^^^^^^^^^^^^^^^^^^^^^^^^
    )
    ^
  File "C:\Users\gazou\OneDrive\Desktop\LuaCheiaStore\backend\venv\Lib\site-packages\django\db\models\expressions.py", line 822, in resolve_expression
    return query.resolve_ref(self.name, allow_joins, reuse, summarize)
           ~~~~~~~~~~~~~~~~~^^^^^^^^^^^^^^^^^^^^^^^^^^^^^^^^^^^^^^^^^^
  File "C:\Users\gazou\OneDrive\Desktop\LuaCheiaStore\backend\venv\Lib\site-packages\django\db\models\sql\query.py", line 1929, in resolve_ref
    join_info = self.setup_joins(
        field_list, self.get_meta(), self.get_initial_alias(), can_reuse=reuse
    )
  File "C:\Users\gazou\OneDrive\Desktop\LuaCheiaStore\backend\venv\Lib\site-packages\django\db\models\sql\query.py", line 1776, in setup_joins
    path, final_field, targets, rest = self.names_to_path(
                                       ~~~~~~~~~~~~~~~~~~^
        names[:pivot],
        ^^^^^^^^^^^^^^
    ...<2 lines>...
        fail_on_missing=True,
        ^^^^^^^^^^^^^^^^^^^^^
    )
    ^
  File "C:\Users\gazou\OneDrive\Desktop\LuaCheiaStore\backend\venv\Lib\site-packages\django\db\models\sql\query.py", line 1677, in names_to_path
    raise FieldError(
    ...<2 lines>...
    )
django.core.exceptions.FieldError: Cannot resolve keyword 'cartorderitem' into field. Choices are: carousels, cart, category, category_id, colors, date, description, featured, gallery, id, image, in_stock, max_cart_limit, old_price, order_item, pid, price, productfaq, rating, review, shipping_ammount, sizes, slug, specification, status, stock_qty, title, vendor, vendor_id, views, wishlist
ERROR 2025-07-09 23:19:31,619 basehttp 34680 26528 "GET /admin/store/carouselautomationproxy/ HTTP/1.1" 500 153117
INFO 2025-07-09 23:19:33,738 middleware 34680 26528 Admin access by hussein from 127.0.0.1
INFO 2025-07-09 23:19:33,759 basehttp 34680 26528 "GET /admin/store/carouselimage/ HTTP/1.1" 200 43325
INFO 2025-07-09 23:19:36,305 middleware 34680 26528 Admin access by hussein from 127.0.0.1
INFO 2025-07-09 23:19:36,332 basehttp 34680 26528 "GET /admin/store/wishlist/ HTTP/1.1" 200 40089
INFO 2025-07-09 23:19:36,377 middleware 34680 26528 Admin access by hussein from 127.0.0.1
INFO 2025-07-09 23:19:36,381 basehttp 34680 26528 "GET /admin/jsi18n/ HTTP/1.1" 304 0
INFO 2025-07-09 23:19:37,666 middleware 34680 26528 Admin access by hussein from 127.0.0.1
INFO 2025-07-09 23:19:37,775 basehttp 34680 26528 "GET /admin/store/notification/ HTTP/1.1" 200 51632
INFO 2025-07-09 23:19:37,805 middleware 34680 26528 Admin access by hussein from 127.0.0.1
INFO 2025-07-09 23:19:37,813 basehttp 34680 26528 "GET /admin/jsi18n/ HTTP/1.1" 304 0
INFO 2025-07-09 23:19:38,805 middleware 34680 26528 Admin access by hussein from 127.0.0.1
INFO 2025-07-09 23:19:38,964 basehttp 34680 26528 "GET /admin/store/gallery/ HTTP/1.1" 200 53833
INFO 2025-07-09 23:19:39,000 middleware 34680 26528 Admin access by hussein from 127.0.0.1
INFO 2025-07-09 23:19:39,003 basehttp 34680 26528 "GET /admin/jsi18n/ HTTP/1.1" 304 0
INFO 2025-07-09 23:19:39,013 basehttp 34680 26224 "GET /media/products/greenmuchila80.jpg HTTP/1.1" 200 48312
INFO 2025-07-09 23:19:39,013 basehttp 34680 11816 "GET /media/products/preta80muchilagallery.jpg HTTP/1.1" 200 40583
INFO 2025-07-09 23:19:39,093 basehttp 34680 11816 "GET /media/products/cintostodos.png HTTP/1.1" 200 130908
INFO 2025-07-09 23:19:39,100 basehttp 34680 26224 "GET /media/products/faca2.png HTTP/1.1" 200 10367
INFO 2025-07-09 23:19:39,114 basehttp 34680 29884 "GET /media/products/verde_30l_lOlxf79.webp HTTP/1.1" 200 36524
INFO 2025-07-09 23:19:39,118 basehttp 34680 26224 "GET /media/products/preto30l_03_3mEnIPb.jpg HTTP/1.1" 200 98816
INFO 2025-07-09 23:19:39,122 basehttp 34680 26528 - Broken pipe from ('127.0.0.1', 63103)
INFO 2025-07-09 23:19:39,126 basehttp 34680 11816 - Broken pipe from ('127.0.0.1', 63108)
INFO 2025-07-09 23:19:39,138 basehttp 34680 29884 "GET /media/products/preto30l_02_i36zxcS.png HTTP/1.1" 200 88462
INFO 2025-07-09 23:19:39,139 basehttp 34680 27236 "GET /media/products/verde_30l_02_DLeOE8j.png HTTP/1.1" 200 353737
INFO 2025-07-09 23:19:39,142 basehttp 34680 15564 "GET /media/products/verde_30l_03_JMrJKjM.png HTTP/1.1" 200 404300
INFO 2025-07-09 23:19:39,143 basehttp 34680 26224 "GET /media/products/preto30l_OXAmCHj.jpg HTTP/1.1" 200 53391
INFO 2025-07-09 23:19:39,153 basehttp 34680 29884 "GET /media/products/camo1_yEO0Bqu.jpg HTTP/1.1" 200 31593
INFO 2025-07-09 23:19:39,158 basehttp 34680 30160 "GET /media/products/camo3_ZCjwkWr.jpg HTTP/1.1" 200 180379
INFO 2025-07-09 23:19:39,159 basehttp 34680 30804 "GET /media/products/camo2_AWWE9Cl.jpg HTTP/1.1" 200 184106
INFO 2025-07-09 23:19:40,022 middleware 34680 30160 Admin access by hussein from 127.0.0.1
INFO 2025-07-09 23:19:40,044 basehttp 34680 30160 "GET /admin/store/coupon/ HTTP/1.1" 200 41061
INFO 2025-07-09 23:19:40,067 middleware 34680 30160 Admin access by hussein from 127.0.0.1
INFO 2025-07-09 23:19:40,071 basehttp 34680 30160 "GET /admin/jsi18n/ HTTP/1.1" 304 0
INFO 2025-07-09 23:19:41,484 middleware 34680 30160 Admin access by hussein from 127.0.0.1
INFO 2025-07-09 23:19:41,610 basehttp 34680 30160 "GET /admin/store/gallery/ HTTP/1.1" 200 53833
INFO 2025-07-09 23:19:41,639 middleware 34680 30160 Admin access by hussein from 127.0.0.1
INFO 2025-07-09 23:19:41,643 basehttp 34680 30804 "GET /media/products/luva_completea_qGdJ7Mx.png HTTP/1.1" 200 454368
INFO 2025-07-09 23:19:41,648 basehttp 34680 30160 "GET /admin/jsi18n/ HTTP/1.1" 304 0
INFO 2025-07-09 23:19:41,741 basehttp 34680 30160 "GET /media/products/verde2.png HTTP/1.1" 200 453873
INFO 2025-07-09 23:19:47,137 middleware 34680 30160 Admin access by hussein from 127.0.0.1
ERROR 2025-07-09 23:19:47,369 log 34680 30160 Internal Server Error: /admin/store/cartorder/
Traceback (most recent call last):
  File "C:\Users\gazou\OneDrive\Desktop\LuaCheiaStore\backend\venv\Lib\site-packages\django\db\models\options.py", line 681, in get_field
    return self.fields_map[field_name]
           ~~~~~~~~~~~~~~~^^^^^^^^^^^^
KeyError: 'items_count'

During handling of the above exception, another exception occurred:

Traceback (most recent call last):
  File "C:\Users\gazou\OneDrive\Desktop\LuaCheiaStore\backend\venv\Lib\site-packages\django\contrib\admin\utils.py", line 272, in lookup_field
    f = _get_non_gfk_field(opts, name)
  File "C:\Users\gazou\OneDrive\Desktop\LuaCheiaStore\backend\venv\Lib\site-packages\django\contrib\admin\utils.py", line 303, in _get_non_gfk_field
    field = opts.get_field(name)
  File "C:\Users\gazou\OneDrive\Desktop\LuaCheiaStore\backend\venv\Lib\site-packages\django\db\models\options.py", line 683, in get_field
    raise FieldDoesNotExist(
        "%s has no field named '%s'" % (self.object_name, field_name)
    )
django.core.exceptions.FieldDoesNotExist: CartOrder has no field named 'items_count'

During handling of the above exception, another exception occurred:

Traceback (most recent call last):
  File "C:\Users\gazou\OneDrive\Desktop\LuaCheiaStore\backend\venv\Lib\site-packages\django\core\handlers\exception.py", line 55, in inner
    response = get_response(request)
  File "C:\Users\gazou\OneDrive\Desktop\LuaCheiaStore\backend\venv\Lib\site-packages\django\core\handlers\base.py", line 220, in _get_response
    response = response.render()
  File "C:\Users\gazou\OneDrive\Desktop\LuaCheiaStore\backend\venv\Lib\site-packages\django\template\response.py", line 111, in render
    self.content = self.rendered_content
                   ^^^^^^^^^^^^^^^^^^^^^
  File "C:\Users\gazou\OneDrive\Desktop\LuaCheiaStore\backend\venv\Lib\site-packages\django\template\response.py", line 89, in rendered_content
    return template.render(context, self._request)
           ~~~~~~~~~~~~~~~^^^^^^^^^^^^^^^^^^^^^^^^
  File "C:\Users\gazou\OneDrive\Desktop\LuaCheiaStore\backend\venv\Lib\site-packages\django\template\backends\django.py", line 61, in render
    return self.template.render(context)
           ~~~~~~~~~~~~~~~~~~~~^^^^^^^^^
  File "C:\Users\gazou\OneDrive\Desktop\LuaCheiaStore\backend\venv\Lib\site-packages\django\template\base.py", line 175, in render
    return self._render(context)
           ~~~~~~~~~~~~^^^^^^^^^
  File "C:\Users\gazou\OneDrive\Desktop\LuaCheiaStore\backend\venv\Lib\site-packages\django\template\base.py", line 167, in _render
    return self.nodelist.render(context)
           ~~~~~~~~~~~~~~~~~~~~^^^^^^^^^
  File "C:\Users\gazou\OneDrive\Desktop\LuaCheiaStore\backend\venv\Lib\site-packages\django\template\base.py", line 1005, in render
    return SafeString("".join([node.render_annotated(context) for node in self]))
                               ~~~~~~~~~~~~~~~~~~~~~^^^^^^^^^
  File "C:\Users\gazou\OneDrive\Desktop\LuaCheiaStore\backend\venv\Lib\site-packages\django\template\base.py", line 966, in render_annotated
    return self.render(context)
           ~~~~~~~~~~~^^^^^^^^^
  File "C:\Users\gazou\OneDrive\Desktop\LuaCheiaStore\backend\venv\Lib\site-packages\django\template\loader_tags.py", line 157, in render
    return compiled_parent._render(context)
           ~~~~~~~~~~~~~~~~~~~~~~~^^^^^^^^^
  File "C:\Users\gazou\OneDrive\Desktop\LuaCheiaStore\backend\venv\Lib\site-packages\django\template\base.py", line 167, in _render
    return self.nodelist.render(context)
           ~~~~~~~~~~~~~~~~~~~~^^^^^^^^^
  File "C:\Users\gazou\OneDrive\Desktop\LuaCheiaStore\backend\venv\Lib\site-packages\django\template\base.py", line 1005, in render
    return SafeString("".join([node.render_annotated(context) for node in self]))
                               ~~~~~~~~~~~~~~~~~~~~~^^^^^^^^^
  File "C:\Users\gazou\OneDrive\Desktop\LuaCheiaStore\backend\venv\Lib\site-packages\django\template\base.py", line 966, in render_annotated
    return self.render(context)
           ~~~~~~~~~~~^^^^^^^^^
  File "C:\Users\gazou\OneDrive\Desktop\LuaCheiaStore\backend\venv\Lib\site-packages\django\template\loader_tags.py", line 157, in render
    return compiled_parent._render(context)
           ~~~~~~~~~~~~~~~~~~~~~~~^^^^^^^^^
  File "C:\Users\gazou\OneDrive\Desktop\LuaCheiaStore\backend\venv\Lib\site-packages\django\template\base.py", line 167, in _render
    return self.nodelist.render(context)
           ~~~~~~~~~~~~~~~~~~~~^^^^^^^^^
  File "C:\Users\gazou\OneDrive\Desktop\LuaCheiaStore\backend\venv\Lib\site-packages\django\template\base.py", line 1005, in render
    return SafeString("".join([node.render_annotated(context) for node in self]))
                               ~~~~~~~~~~~~~~~~~~~~~^^^^^^^^^
  File "C:\Users\gazou\OneDrive\Desktop\LuaCheiaStore\backend\venv\Lib\site-packages\django\template\base.py", line 966, in render_annotated
    return self.render(context)
           ~~~~~~~~~~~^^^^^^^^^
  File "C:\Users\gazou\OneDrive\Desktop\LuaCheiaStore\backend\venv\Lib\site-packages\django\template\loader_tags.py", line 63, in render
    result = block.nodelist.render(context)
  File "C:\Users\gazou\OneDrive\Desktop\LuaCheiaStore\backend\venv\Lib\site-packages\django\template\base.py", line 1005, in render
    return SafeString("".join([node.render_annotated(context) for node in self]))
                               ~~~~~~~~~~~~~~~~~~~~~^^^^^^^^^
  File "C:\Users\gazou\OneDrive\Desktop\LuaCheiaStore\backend\venv\Lib\site-packages\django\template\base.py", line 966, in render_annotated
    return self.render(context)
           ~~~~~~~~~~~^^^^^^^^^
  File "C:\Users\gazou\OneDrive\Desktop\LuaCheiaStore\backend\venv\Lib\site-packages\django\template\loader_tags.py", line 63, in render
    result = block.nodelist.render(context)
  File "C:\Users\gazou\OneDrive\Desktop\LuaCheiaStore\backend\venv\Lib\site-packages\django\template\base.py", line 1005, in render
    return SafeString("".join([node.render_annotated(context) for node in self]))
                               ~~~~~~~~~~~~~~~~~~~~~^^^^^^^^^
  File "C:\Users\gazou\OneDrive\Desktop\LuaCheiaStore\backend\venv\Lib\site-packages\django\template\base.py", line 966, in render_annotated
    return self.render(context)
           ~~~~~~~~~~~^^^^^^^^^
  File "C:\Users\gazou\OneDrive\Desktop\LuaCheiaStore\backend\venv\Lib\site-packages\django\template\loader_tags.py", line 63, in render
    result = block.nodelist.render(context)
  File "C:\Users\gazou\OneDrive\Desktop\LuaCheiaStore\backend\venv\Lib\site-packages\django\template\base.py", line 1005, in render
    return SafeString("".join([node.render_annotated(context) for node in self]))
                               ~~~~~~~~~~~~~~~~~~~~~^^^^^^^^^
  File "C:\Users\gazou\OneDrive\Desktop\LuaCheiaStore\backend\venv\Lib\site-packages\django\template\base.py", line 966, in render_annotated
    return self.render(context)
           ~~~~~~~~~~~^^^^^^^^^
  File "C:\Users\gazou\OneDrive\Desktop\LuaCheiaStore\backend\venv\Lib\site-packages\django\contrib\admin\templatetags\base.py", line 45, in render
    return super().render(context)
           ~~~~~~~~~~~~~~^^^^^^^^^
  File "C:\Users\gazou\OneDrive\Desktop\LuaCheiaStore\backend\venv\Lib\site-packages\django\template\library.py", line 258, in render
    _dict = self.func(*resolved_args, **resolved_kwargs)
  File "C:\Users\gazou\OneDrive\Desktop\LuaCheiaStore\backend\venv\Lib\site-packages\django\contrib\admin\templatetags\admin_list.py", line 336, in result_list
    "results": list(results(cl)),
               ~~~~^^^^^^^^^^^^^
  File "C:\Users\gazou\OneDrive\Desktop\LuaCheiaStore\backend\venv\Lib\site-packages\django\contrib\admin\templatetags\admin_list.py", line 312, in results
    yield ResultList(None, items_for_result(cl, res, None))
          ~~~~~~~~~~^^^^^^^^^^^^^^^^^^^^^^^^^^^^^^^^^^^^^^^
  File "C:\Users\gazou\OneDrive\Desktop\LuaCheiaStore\backend\venv\Lib\site-packages\django\contrib\admin\templatetags\admin_list.py", line 303, in __init__
    super().__init__(*items)
    ~~~~~~~~~~~~~~~~^^^^^^^^
  File "C:\Users\gazou\OneDrive\Desktop\LuaCheiaStore\backend\venv\Lib\site-packages\django\contrib\admin\templatetags\admin_list.py", line 213, in items_for_result
    f, attr, value = lookup_field(field_name, result, cl.model_admin)
                     ~~~~~~~~~~~~^^^^^^^^^^^^^^^^^^^^^^^^^^^^^^^^^^^^
  File "C:\Users\gazou\OneDrive\Desktop\LuaCheiaStore\backend\venv\Lib\site-packages\django\contrib\admin\utils.py", line 281, in lookup_field
    value = attr(obj)
  File "C:\Users\gazou\OneDrive\Desktop\LuaCheiaStore\backend\store\admin.py", line 208, in items_count
    count = obj.cartorderitem_set.count()
            ^^^^^^^^^^^^^^^^^^^^^
AttributeError: 'CartOrder' object has no attribute 'cartorderitem_set'
ERROR 2025-07-09 23:19:47,397 basehttp 34680 30160 "GET /admin/store/cartorder/ HTTP/1.1" 500 443986
INFO 2025-07-09 23:19:49,435 middleware 34680 30160 Admin access by hussein from 127.0.0.1
INFO 2025-07-09 23:19:49,556 basehttp 34680 30160 "GET /admin/store/gallery/ HTTP/1.1" 200 53833
INFO 2025-07-09 23:19:57,492 basehttp 34680 16928 "GET /api/v1/category/ HTTP/1.1" 304 0
INFO 2025-07-09 23:19:57,518 basehttp 34680 16928 "GET /api/v1/category/ HTTP/1.1" 304 0
INFO 2025-07-09 23:19:57,681 basehttp 34680 31716 "GET /api/v1/products/ HTTP/1.1" 304 0
INFO 2025-07-09 23:19:57,924 basehttp 34680 31716 "GET /api/v1/products/ HTTP/1.1" 304 0
INFO 2025-07-09 23:20:17,386 basehttp 34680 31716 "GET /api/v1/carousel/ HTTP/1.1" 304 0
INFO 2025-07-09 23:20:17,386 basehttp 34680 16928 "GET /api/v1/offers-carousel/ HTTP/1.1" 304 0
INFO 2025-07-09 23:20:17,413 basehttp 34680 31716 "GET /api/v1/carousel/ HTTP/1.1" 304 0
INFO 2025-07-09 23:20:17,413 basehttp 34680 33252 "GET /api/v1/category/ HTTP/1.1" 304 0
INFO 2025-07-09 23:20:17,414 basehttp 34680 16928 "GET /api/v1/offers-carousel/ HTTP/1.1" 304 0
INFO 2025-07-09 23:20:17,419 basehttp 34680 10868 "GET /api/v1/banners/ HTTP/1.1" 304 0
INFO 2025-07-09 23:20:17,428 basehttp 34680 31716 "GET /api/v1/category/ HTTP/1.1" 304 0
INFO 2025-07-09 23:20:17,454 basehttp 34680 10868 "GET /api/v1/banners/ HTTP/1.1" 304 0
WARNING 2025-07-09 23:20:17,490 log 34680 32324 Not Found: /media/category.jpg
WARNING 2025-07-09 23:20:17,496 basehttp 34680 32324 "GET /media/category.jpg HTTP/1.1" 404 2713
INFO 2025-07-09 23:20:17,625 basehttp 34680 6960 "GET /api/v1/most-viewed-products/ HTTP/1.1" 304 0
INFO 2025-07-09 23:20:17,807 basehttp 34680 6960 "GET /api/v1/most-viewed-products/ HTTP/1.1" 304 0
INFO 2025-07-09 23:21:36,368 middleware 34680 30160 Admin access by hussein from 127.0.0.1
INFO 2025-07-09 23:21:36,403 basehttp 34680 30160 "GET /admin/store/banner/ HTTP/1.1" 200 45413
INFO 2025-07-09 23:21:36,445 basehttp 34680 30160 "GET /static/vendor/fontawesome-free/css/all.min.css HTTP/1.1" 304 0
INFO 2025-07-09 23:21:36,451 basehttp 34680 30804 "GET /static/vendor/adminlte/css/adminlte.min.css HTTP/1.1" 304 0
INFO 2025-07-09 23:21:36,453 basehttp 34680 29884 "GET /static/vendor/select2/css/select2.min.css HTTP/1.1" 304 0
INFO 2025-07-09 23:21:36,453 basehttp 34680 15564 "GET /static/admin/js/vendor/jquery/jquery.js HTTP/1.1" 304 0
INFO 2025-07-09 23:21:36,453 basehttp 34680 30160 "GET /static/jazzmin/css/main.css HTTP/1.1" 304 0
INFO 2025-07-09 23:21:36,455 basehttp 34680 30804 "GET /static/admin/js/core.js HTTP/1.1" 304 0
INFO 2025-07-09 23:21:36,455 basehttp 34680 27236 "GET /static/admin/js/jquery.init.js HTTP/1.1" 304 0
INFO 2025-07-09 23:21:36,458 basehttp 34680 30160 "GET /static/admin/js/urlify.js HTTP/1.1" 304 0
INFO 2025-07-09 23:21:36,460 basehttp 34680 15564 "GET /static/admin/js/actions.js HTTP/1.1" 304 0
INFO 2025-07-09 23:21:36,461 basehttp 34680 29884 "GET /static/admin/js/admin/RelatedObjectLookups.js HTTP/1.1" 304 0
INFO 2025-07-09 23:21:36,461 basehttp 34680 27236 "GET /static/admin/js/prepopulate.js HTTP/1.1" 304 0
INFO 2025-07-09 23:21:36,462 basehttp 34680 30804 "GET /static/admin/js/vendor/xregexp/xregexp.js HTTP/1.1" 304 0
INFO 2025-07-09 23:21:36,463 middleware 34680 26224 Admin access by hussein from 127.0.0.1
INFO 2025-07-09 23:21:36,466 basehttp 34680 30160 "GET /static/vendor/adminlte/img/AdminLTELogo.png HTTP/1.1" 304 0
INFO 2025-07-09 23:21:36,470 basehttp 34680 26224 "GET /admin/jsi18n/ HTTP/1.1" 304 0
INFO 2025-07-09 23:21:36,480 basehttp 34680 29884 "GET /media/banners/banner_iuWxft3.jpg HTTP/1.1" 200 70983
INFO 2025-07-09 23:21:36,595 basehttp 34680 26224 "GET /static/vendor/adminlte/js/adminlte.min.js HTTP/1.1" 304 0
INFO 2025-07-09 23:21:36,596 basehttp 34680 29884 "GET /static/vendor/bootstrap/js/bootstrap.min.js HTTP/1.1" 304 0
INFO 2025-07-09 23:21:36,610 basehttp 34680 30160 "GET /static/vendor/select2/js/select2.min.js HTTP/1.1" 304 0
INFO 2025-07-09 23:21:36,610 basehttp 34680 30804 "GET /static/jazzmin/js/change_list.js HTTP/1.1" 304 0
INFO 2025-07-09 23:21:36,611 basehttp 34680 29884 "GET /static/jazzmin/js/main.js HTTP/1.1" 304 0
INFO 2025-07-09 23:21:36,611 basehttp 34680 26224 "GET /static/jazzmin/js/ui-builder.js HTTP/1.1" 304 0
INFO 2025-07-09 23:21:37,848 middleware 34680 26224 Admin access by hussein from 127.0.0.1
ERROR 2025-07-09 23:21:37,916 log 34680 26224 Internal Server Error: /admin/store/carouselautomationproxy/
Traceback (most recent call last):
  File "C:\Users\gazou\OneDrive\Desktop\LuaCheiaStore\backend\venv\Lib\site-packages\django\core\handlers\exception.py", line 55, in inner
    response = get_response(request)
  File "C:\Users\gazou\OneDrive\Desktop\LuaCheiaStore\backend\venv\Lib\site-packages\django\core\handlers\base.py", line 197, in _get_response
    response = wrapped_callback(request, *callback_args, **callback_kwargs)
  File "C:\Users\gazou\OneDrive\Desktop\LuaCheiaStore\backend\venv\Lib\site-packages\django\contrib\admin\options.py", line 688, in wrapper
    return self.admin_site.admin_view(view)(*args, **kwargs)
           ~~~~~~~~~~~~~~~~~~~~~~~~~~~~~~~~^^^^^^^^^^^^^^^^^
  File "C:\Users\gazou\OneDrive\Desktop\LuaCheiaStore\backend\venv\Lib\site-packages\django\utils\decorators.py", line 134, in _wrapper_view
    response = view_func(request, *args, **kwargs)
  File "C:\Users\gazou\OneDrive\Desktop\LuaCheiaStore\backend\venv\Lib\site-packages\django\views\decorators\cache.py", line 62, in _wrapper_view_func
    response = view_func(request, *args, **kwargs)
  File "C:\Users\gazou\OneDrive\Desktop\LuaCheiaStore\backend\venv\Lib\site-packages\django\contrib\admin\sites.py", line 242, in inner
    return view(request, *args, **kwargs)
  File "C:\Users\gazou\OneDrive\Desktop\LuaCheiaStore\backend\store\admin.py", line 408, in changelist_view
    'trending_products_count': automation.get_trending_products().count(),
                               ~~~~~~~~~~~~~~~~~~~~~~~~~~~~~~~~^^
  File "C:\Users\gazou\OneDrive\Desktop\LuaCheiaStore\backend\store\carousel_automation.py", line 45, in get_trending_products
    ).annotate(
      ~~~~~~~~^
        recent_orders=Count(
        ^^^^^^^^^^^^^^^^^^^^
    ...<7 lines>...
        avg_rating=Avg('review__rating')
        ^^^^^^^^^^^^^^^^^^^^^^^^^^^^^^^^
    ).filter(
    ^
  File "C:\Users\gazou\OneDrive\Desktop\LuaCheiaStore\backend\venv\Lib\site-packages\django\db\models\query.py", line 1590, in annotate
    return self._annotate(args, kwargs, select=True)
           ~~~~~~~~~~~~~~^^^^^^^^^^^^^^^^^^^^^^^^^^^
  File "C:\Users\gazou\OneDrive\Desktop\LuaCheiaStore\backend\venv\Lib\site-packages\django\db\models\query.py", line 1638, in _annotate
    clone.query.add_annotation(
    ~~~~~~~~~~~~~~~~~~~~~~~~~~^
        annotation,
        ^^^^^^^^^^^
        alias,
        ^^^^^^
        select=select,
        ^^^^^^^^^^^^^^
    )
    ^
  File "C:\Users\gazou\OneDrive\Desktop\LuaCheiaStore\backend\venv\Lib\site-packages\django\db\models\sql\query.py", line 1086, in add_annotation
    annotation = annotation.resolve_expression(self, allow_joins=True, reuse=None)
  File "C:\Users\gazou\OneDrive\Desktop\LuaCheiaStore\backend\venv\Lib\site-packages\django\db\models\aggregates.py", line 64, in resolve_expression
    c = super().resolve_expression(query, allow_joins, reuse, summarize)
  File "C:\Users\gazou\OneDrive\Desktop\LuaCheiaStore\backend\venv\Lib\site-packages\django\db\models\expressions.py", line 942, in resolve_expression
    c.source_expressions[pos] = arg.resolve_expression(
                                ~~~~~~~~~~~~~~~~~~~~~~^
        query, allow_joins, reuse, summarize, for_save
        ^^^^^^^^^^^^^^^^^^^^^^^^^^^^^^^^^^^^^^^^^^^^^^
    )
    ^
  File "C:\Users\gazou\OneDrive\Desktop\LuaCheiaStore\backend\venv\Lib\site-packages\django\db\models\expressions.py", line 822, in resolve_expression
    return query.resolve_ref(self.name, allow_joins, reuse, summarize)
           ~~~~~~~~~~~~~~~~~^^^^^^^^^^^^^^^^^^^^^^^^^^^^^^^^^^^^^^^^^^
  File "C:\Users\gazou\OneDrive\Desktop\LuaCheiaStore\backend\venv\Lib\site-packages\django\db\models\sql\query.py", line 1929, in resolve_ref
    join_info = self.setup_joins(
        field_list, self.get_meta(), self.get_initial_alias(), can_reuse=reuse
    )
  File "C:\Users\gazou\OneDrive\Desktop\LuaCheiaStore\backend\venv\Lib\site-packages\django\db\models\sql\query.py", line 1776, in setup_joins
    path, final_field, targets, rest = self.names_to_path(
                                       ~~~~~~~~~~~~~~~~~~^
        names[:pivot],
        ^^^^^^^^^^^^^^
    ...<2 lines>...
        fail_on_missing=True,
        ^^^^^^^^^^^^^^^^^^^^^
    )
    ^
  File "C:\Users\gazou\OneDrive\Desktop\LuaCheiaStore\backend\venv\Lib\site-packages\django\db\models\sql\query.py", line 1677, in names_to_path
    raise FieldError(
    ...<2 lines>...
    )
django.core.exceptions.FieldError: Cannot resolve keyword 'cartorderitem' into field. Choices are: carousels, cart, category, category_id, colors, date, description, featured, gallery, id, image, in_stock, max_cart_limit, old_price, order_item, pid, price, productfaq, rating, review, shipping_ammount, sizes, slug, specification, status, stock_qty, title, vendor, vendor_id, views, wishlist
ERROR 2025-07-09 23:21:37,929 basehttp 34680 26224 "GET /admin/store/carouselautomationproxy/ HTTP/1.1" 500 153110
INFO 2025-07-09 23:21:46,058 middleware 34680 26224 Admin access by hussein from 127.0.0.1
INFO 2025-07-09 23:21:46,085 basehttp 34680 26224 "GET /admin/store/banner/ HTTP/1.1" 200 45413
INFO 2025-07-09 23:21:47,699 middleware 34680 26224 Admin access by hussein from 127.0.0.1
INFO 2025-07-09 23:21:47,726 basehttp 34680 26224 "GET /admin/store/carouselimage/ HTTP/1.1" 200 43325
INFO 2025-07-09 23:21:47,775 basehttp 34680 30804 "GET /media/carousel/banner1.webp HTTP/1.1" 304 0
INFO 2025-07-09 23:21:47,777 basehttp 34680 29884 "GET /media/carousel/catousel_banner_2.jpg HTTP/1.1" 304 0
INFO 2025-07-09 23:21:47,777 middleware 34680 26224 Admin access by hussein from 127.0.0.1
INFO 2025-07-09 23:21:47,782 basehttp 34680 26224 "GET /admin/jsi18n/ HTTP/1.1" 304 0
INFO 2025-07-09 23:21:48,973 middleware 34680 26224 Admin access by hussein from 127.0.0.1
INFO 2025-07-09 23:21:49,036 basehttp 34680 26224 "GET /admin/store/cartorderitem/ HTTP/1.1" 200 58250
INFO 2025-07-09 23:21:49,072 middleware 34680 26224 Admin access by hussein from 127.0.0.1
INFO 2025-07-09 23:21:49,078 basehttp 34680 26224 "GET /admin/jsi18n/ HTTP/1.1" 304 0
INFO 2025-07-09 23:21:49,998 middleware 34680 26224 Admin access by hussein from 127.0.0.1
ERROR 2025-07-09 23:21:50,215 log 34680 26224 Internal Server Error: /admin/store/cartorder/
Traceback (most recent call last):
  File "C:\Users\gazou\OneDrive\Desktop\LuaCheiaStore\backend\venv\Lib\site-packages\django\db\models\options.py", line 681, in get_field
    return self.fields_map[field_name]
           ~~~~~~~~~~~~~~~^^^^^^^^^^^^
KeyError: 'items_count'

During handling of the above exception, another exception occurred:

Traceback (most recent call last):
  File "C:\Users\gazou\OneDrive\Desktop\LuaCheiaStore\backend\venv\Lib\site-packages\django\contrib\admin\utils.py", line 272, in lookup_field
    f = _get_non_gfk_field(opts, name)
  File "C:\Users\gazou\OneDrive\Desktop\LuaCheiaStore\backend\venv\Lib\site-packages\django\contrib\admin\utils.py", line 303, in _get_non_gfk_field
    field = opts.get_field(name)
  File "C:\Users\gazou\OneDrive\Desktop\LuaCheiaStore\backend\venv\Lib\site-packages\django\db\models\options.py", line 683, in get_field
    raise FieldDoesNotExist(
        "%s has no field named '%s'" % (self.object_name, field_name)
    )
django.core.exceptions.FieldDoesNotExist: CartOrder has no field named 'items_count'

During handling of the above exception, another exception occurred:

Traceback (most recent call last):
  File "C:\Users\gazou\OneDrive\Desktop\LuaCheiaStore\backend\venv\Lib\site-packages\django\core\handlers\exception.py", line 55, in inner
    response = get_response(request)
  File "C:\Users\gazou\OneDrive\Desktop\LuaCheiaStore\backend\venv\Lib\site-packages\django\core\handlers\base.py", line 220, in _get_response
    response = response.render()
  File "C:\Users\gazou\OneDrive\Desktop\LuaCheiaStore\backend\venv\Lib\site-packages\django\template\response.py", line 111, in render
    self.content = self.rendered_content
                   ^^^^^^^^^^^^^^^^^^^^^
  File "C:\Users\gazou\OneDrive\Desktop\LuaCheiaStore\backend\venv\Lib\site-packages\django\template\response.py", line 89, in rendered_content
    return template.render(context, self._request)
           ~~~~~~~~~~~~~~~^^^^^^^^^^^^^^^^^^^^^^^^
  File "C:\Users\gazou\OneDrive\Desktop\LuaCheiaStore\backend\venv\Lib\site-packages\django\template\backends\django.py", line 61, in render
    return self.template.render(context)
           ~~~~~~~~~~~~~~~~~~~~^^^^^^^^^
  File "C:\Users\gazou\OneDrive\Desktop\LuaCheiaStore\backend\venv\Lib\site-packages\django\template\base.py", line 175, in render
    return self._render(context)
           ~~~~~~~~~~~~^^^^^^^^^
  File "C:\Users\gazou\OneDrive\Desktop\LuaCheiaStore\backend\venv\Lib\site-packages\django\template\base.py", line 167, in _render
    return self.nodelist.render(context)
           ~~~~~~~~~~~~~~~~~~~~^^^^^^^^^
  File "C:\Users\gazou\OneDrive\Desktop\LuaCheiaStore\backend\venv\Lib\site-packages\django\template\base.py", line 1005, in render
    return SafeString("".join([node.render_annotated(context) for node in self]))
                               ~~~~~~~~~~~~~~~~~~~~~^^^^^^^^^
  File "C:\Users\gazou\OneDrive\Desktop\LuaCheiaStore\backend\venv\Lib\site-packages\django\template\base.py", line 966, in render_annotated
    return self.render(context)
           ~~~~~~~~~~~^^^^^^^^^
  File "C:\Users\gazou\OneDrive\Desktop\LuaCheiaStore\backend\venv\Lib\site-packages\django\template\loader_tags.py", line 157, in render
    return compiled_parent._render(context)
           ~~~~~~~~~~~~~~~~~~~~~~~^^^^^^^^^
  File "C:\Users\gazou\OneDrive\Desktop\LuaCheiaStore\backend\venv\Lib\site-packages\django\template\base.py", line 167, in _render
    return self.nodelist.render(context)
           ~~~~~~~~~~~~~~~~~~~~^^^^^^^^^
  File "C:\Users\gazou\OneDrive\Desktop\LuaCheiaStore\backend\venv\Lib\site-packages\django\template\base.py", line 1005, in render
    return SafeString("".join([node.render_annotated(context) for node in self]))
                               ~~~~~~~~~~~~~~~~~~~~~^^^^^^^^^
  File "C:\Users\gazou\OneDrive\Desktop\LuaCheiaStore\backend\venv\Lib\site-packages\django\template\base.py", line 966, in render_annotated
    return self.render(context)
           ~~~~~~~~~~~^^^^^^^^^
  File "C:\Users\gazou\OneDrive\Desktop\LuaCheiaStore\backend\venv\Lib\site-packages\django\template\loader_tags.py", line 157, in render
    return compiled_parent._render(context)
           ~~~~~~~~~~~~~~~~~~~~~~~^^^^^^^^^
  File "C:\Users\gazou\OneDrive\Desktop\LuaCheiaStore\backend\venv\Lib\site-packages\django\template\base.py", line 167, in _render
    return self.nodelist.render(context)
           ~~~~~~~~~~~~~~~~~~~~^^^^^^^^^
  File "C:\Users\gazou\OneDrive\Desktop\LuaCheiaStore\backend\venv\Lib\site-packages\django\template\base.py", line 1005, in render
    return SafeString("".join([node.render_annotated(context) for node in self]))
                               ~~~~~~~~~~~~~~~~~~~~~^^^^^^^^^
  File "C:\Users\gazou\OneDrive\Desktop\LuaCheiaStore\backend\venv\Lib\site-packages\django\template\base.py", line 966, in render_annotated
    return self.render(context)
           ~~~~~~~~~~~^^^^^^^^^
  File "C:\Users\gazou\OneDrive\Desktop\LuaCheiaStore\backend\venv\Lib\site-packages\django\template\loader_tags.py", line 63, in render
    result = block.nodelist.render(context)
  File "C:\Users\gazou\OneDrive\Desktop\LuaCheiaStore\backend\venv\Lib\site-packages\django\template\base.py", line 1005, in render
    return SafeString("".join([node.render_annotated(context) for node in self]))
                               ~~~~~~~~~~~~~~~~~~~~~^^^^^^^^^
  File "C:\Users\gazou\OneDrive\Desktop\LuaCheiaStore\backend\venv\Lib\site-packages\django\template\base.py", line 966, in render_annotated
    return self.render(context)
           ~~~~~~~~~~~^^^^^^^^^
  File "C:\Users\gazou\OneDrive\Desktop\LuaCheiaStore\backend\venv\Lib\site-packages\django\template\loader_tags.py", line 63, in render
    result = block.nodelist.render(context)
  File "C:\Users\gazou\OneDrive\Desktop\LuaCheiaStore\backend\venv\Lib\site-packages\django\template\base.py", line 1005, in render
    return SafeString("".join([node.render_annotated(context) for node in self]))
                               ~~~~~~~~~~~~~~~~~~~~~^^^^^^^^^
  File "C:\Users\gazou\OneDrive\Desktop\LuaCheiaStore\backend\venv\Lib\site-packages\django\template\base.py", line 966, in render_annotated
    return self.render(context)
           ~~~~~~~~~~~^^^^^^^^^
  File "C:\Users\gazou\OneDrive\Desktop\LuaCheiaStore\backend\venv\Lib\site-packages\django\template\loader_tags.py", line 63, in render
    result = block.nodelist.render(context)
  File "C:\Users\gazou\OneDrive\Desktop\LuaCheiaStore\backend\venv\Lib\site-packages\django\template\base.py", line 1005, in render
    return SafeString("".join([node.render_annotated(context) for node in self]))
                               ~~~~~~~~~~~~~~~~~~~~~^^^^^^^^^
  File "C:\Users\gazou\OneDrive\Desktop\LuaCheiaStore\backend\venv\Lib\site-packages\django\template\base.py", line 966, in render_annotated
    return self.render(context)
           ~~~~~~~~~~~^^^^^^^^^
  File "C:\Users\gazou\OneDrive\Desktop\LuaCheiaStore\backend\venv\Lib\site-packages\django\contrib\admin\templatetags\base.py", line 45, in render
    return super().render(context)
           ~~~~~~~~~~~~~~^^^^^^^^^
  File "C:\Users\gazou\OneDrive\Desktop\LuaCheiaStore\backend\venv\Lib\site-packages\django\template\library.py", line 258, in render
    _dict = self.func(*resolved_args, **resolved_kwargs)
  File "C:\Users\gazou\OneDrive\Desktop\LuaCheiaStore\backend\venv\Lib\site-packages\django\contrib\admin\templatetags\admin_list.py", line 336, in result_list
    "results": list(results(cl)),
               ~~~~^^^^^^^^^^^^^
  File "C:\Users\gazou\OneDrive\Desktop\LuaCheiaStore\backend\venv\Lib\site-packages\django\contrib\admin\templatetags\admin_list.py", line 312, in results
    yield ResultList(None, items_for_result(cl, res, None))
          ~~~~~~~~~~^^^^^^^^^^^^^^^^^^^^^^^^^^^^^^^^^^^^^^^
  File "C:\Users\gazou\OneDrive\Desktop\LuaCheiaStore\backend\venv\Lib\site-packages\django\contrib\admin\templatetags\admin_list.py", line 303, in __init__
    super().__init__(*items)
    ~~~~~~~~~~~~~~~~^^^^^^^^
  File "C:\Users\gazou\OneDrive\Desktop\LuaCheiaStore\backend\venv\Lib\site-packages\django\contrib\admin\templatetags\admin_list.py", line 213, in items_for_result
    f, attr, value = lookup_field(field_name, result, cl.model_admin)
                     ~~~~~~~~~~~~^^^^^^^^^^^^^^^^^^^^^^^^^^^^^^^^^^^^
  File "C:\Users\gazou\OneDrive\Desktop\LuaCheiaStore\backend\venv\Lib\site-packages\django\contrib\admin\utils.py", line 281, in lookup_field
    value = attr(obj)
  File "C:\Users\gazou\OneDrive\Desktop\LuaCheiaStore\backend\store\admin.py", line 208, in items_count
    count = obj.cartorderitem_set.count()
            ^^^^^^^^^^^^^^^^^^^^^
AttributeError: 'CartOrder' object has no attribute 'cartorderitem_set'
ERROR 2025-07-09 23:21:50,242 basehttp 34680 26224 "GET /admin/store/cartorder/ HTTP/1.1" 500 443992
INFO 2025-07-09 23:21:58,573 middleware 34680 26224 Admin access by hussein from 127.0.0.1
INFO 2025-07-09 23:21:58,637 basehttp 34680 26224 "GET /admin/store/cartorderitem/ HTTP/1.1" 200 58250
INFO 2025-07-09 23:22:00,203 middleware 34680 26224 Admin access by hussein from 127.0.0.1
INFO 2025-07-09 23:22:00,240 basehttp 34680 26224 "GET /admin/store/cart/ HTTP/1.1" 200 45587
INFO 2025-07-09 23:22:00,277 middleware 34680 26224 Admin access by hussein from 127.0.0.1
INFO 2025-07-09 23:22:00,281 basehttp 34680 26224 "GET /admin/jsi18n/ HTTP/1.1" 304 0
INFO 2025-07-09 23:22:01,137 middleware 34680 26224 Admin access by hussein from 127.0.0.1
ERROR 2025-07-09 23:22:01,357 log 34680 26224 Internal Server Error: /admin/store/cartorder/
Traceback (most recent call last):
  File "C:\Users\gazou\OneDrive\Desktop\LuaCheiaStore\backend\venv\Lib\site-packages\django\db\models\options.py", line 681, in get_field
    return self.fields_map[field_name]
           ~~~~~~~~~~~~~~~^^^^^^^^^^^^
KeyError: 'items_count'

During handling of the above exception, another exception occurred:

Traceback (most recent call last):
  File "C:\Users\gazou\OneDrive\Desktop\LuaCheiaStore\backend\venv\Lib\site-packages\django\contrib\admin\utils.py", line 272, in lookup_field
    f = _get_non_gfk_field(opts, name)
  File "C:\Users\gazou\OneDrive\Desktop\LuaCheiaStore\backend\venv\Lib\site-packages\django\contrib\admin\utils.py", line 303, in _get_non_gfk_field
    field = opts.get_field(name)
  File "C:\Users\gazou\OneDrive\Desktop\LuaCheiaStore\backend\venv\Lib\site-packages\django\db\models\options.py", line 683, in get_field
    raise FieldDoesNotExist(
        "%s has no field named '%s'" % (self.object_name, field_name)
    )
django.core.exceptions.FieldDoesNotExist: CartOrder has no field named 'items_count'

During handling of the above exception, another exception occurred:

Traceback (most recent call last):
  File "C:\Users\gazou\OneDrive\Desktop\LuaCheiaStore\backend\venv\Lib\site-packages\django\core\handlers\exception.py", line 55, in inner
    response = get_response(request)
  File "C:\Users\gazou\OneDrive\Desktop\LuaCheiaStore\backend\venv\Lib\site-packages\django\core\handlers\base.py", line 220, in _get_response
    response = response.render()
  File "C:\Users\gazou\OneDrive\Desktop\LuaCheiaStore\backend\venv\Lib\site-packages\django\template\response.py", line 111, in render
    self.content = self.rendered_content
                   ^^^^^^^^^^^^^^^^^^^^^
  File "C:\Users\gazou\OneDrive\Desktop\LuaCheiaStore\backend\venv\Lib\site-packages\django\template\response.py", line 89, in rendered_content
    return template.render(context, self._request)
           ~~~~~~~~~~~~~~~^^^^^^^^^^^^^^^^^^^^^^^^
  File "C:\Users\gazou\OneDrive\Desktop\LuaCheiaStore\backend\venv\Lib\site-packages\django\template\backends\django.py", line 61, in render
    return self.template.render(context)
           ~~~~~~~~~~~~~~~~~~~~^^^^^^^^^
  File "C:\Users\gazou\OneDrive\Desktop\LuaCheiaStore\backend\venv\Lib\site-packages\django\template\base.py", line 175, in render
    return self._render(context)
           ~~~~~~~~~~~~^^^^^^^^^
  File "C:\Users\gazou\OneDrive\Desktop\LuaCheiaStore\backend\venv\Lib\site-packages\django\template\base.py", line 167, in _render
    return self.nodelist.render(context)
           ~~~~~~~~~~~~~~~~~~~~^^^^^^^^^
  File "C:\Users\gazou\OneDrive\Desktop\LuaCheiaStore\backend\venv\Lib\site-packages\django\template\base.py", line 1005, in render
    return SafeString("".join([node.render_annotated(context) for node in self]))
                               ~~~~~~~~~~~~~~~~~~~~~^^^^^^^^^
  File "C:\Users\gazou\OneDrive\Desktop\LuaCheiaStore\backend\venv\Lib\site-packages\django\template\base.py", line 966, in render_annotated
    return self.render(context)
           ~~~~~~~~~~~^^^^^^^^^
  File "C:\Users\gazou\OneDrive\Desktop\LuaCheiaStore\backend\venv\Lib\site-packages\django\template\loader_tags.py", line 157, in render
    return compiled_parent._render(context)
           ~~~~~~~~~~~~~~~~~~~~~~~^^^^^^^^^
  File "C:\Users\gazou\OneDrive\Desktop\LuaCheiaStore\backend\venv\Lib\site-packages\django\template\base.py", line 167, in _render
    return self.nodelist.render(context)
           ~~~~~~~~~~~~~~~~~~~~^^^^^^^^^
  File "C:\Users\gazou\OneDrive\Desktop\LuaCheiaStore\backend\venv\Lib\site-packages\django\template\base.py", line 1005, in render
    return SafeString("".join([node.render_annotated(context) for node in self]))
                               ~~~~~~~~~~~~~~~~~~~~~^^^^^^^^^
  File "C:\Users\gazou\OneDrive\Desktop\LuaCheiaStore\backend\venv\Lib\site-packages\django\template\base.py", line 966, in render_annotated
    return self.render(context)
           ~~~~~~~~~~~^^^^^^^^^
  File "C:\Users\gazou\OneDrive\Desktop\LuaCheiaStore\backend\venv\Lib\site-packages\django\template\loader_tags.py", line 157, in render
    return compiled_parent._render(context)
           ~~~~~~~~~~~~~~~~~~~~~~~^^^^^^^^^
  File "C:\Users\gazou\OneDrive\Desktop\LuaCheiaStore\backend\venv\Lib\site-packages\django\template\base.py", line 167, in _render
    return self.nodelist.render(context)
           ~~~~~~~~~~~~~~~~~~~~^^^^^^^^^
  File "C:\Users\gazou\OneDrive\Desktop\LuaCheiaStore\backend\venv\Lib\site-packages\django\template\base.py", line 1005, in render
    return SafeString("".join([node.render_annotated(context) for node in self]))
                               ~~~~~~~~~~~~~~~~~~~~~^^^^^^^^^
  File "C:\Users\gazou\OneDrive\Desktop\LuaCheiaStore\backend\venv\Lib\site-packages\django\template\base.py", line 966, in render_annotated
    return self.render(context)
           ~~~~~~~~~~~^^^^^^^^^
  File "C:\Users\gazou\OneDrive\Desktop\LuaCheiaStore\backend\venv\Lib\site-packages\django\template\loader_tags.py", line 63, in render
    result = block.nodelist.render(context)
  File "C:\Users\gazou\OneDrive\Desktop\LuaCheiaStore\backend\venv\Lib\site-packages\django\template\base.py", line 1005, in render
    return SafeString("".join([node.render_annotated(context) for node in self]))
                               ~~~~~~~~~~~~~~~~~~~~~^^^^^^^^^
  File "C:\Users\gazou\OneDrive\Desktop\LuaCheiaStore\backend\venv\Lib\site-packages\django\template\base.py", line 966, in render_annotated
    return self.render(context)
           ~~~~~~~~~~~^^^^^^^^^
  File "C:\Users\gazou\OneDrive\Desktop\LuaCheiaStore\backend\venv\Lib\site-packages\django\template\loader_tags.py", line 63, in render
    result = block.nodelist.render(context)
  File "C:\Users\gazou\OneDrive\Desktop\LuaCheiaStore\backend\venv\Lib\site-packages\django\template\base.py", line 1005, in render
    return SafeString("".join([node.render_annotated(context) for node in self]))
                               ~~~~~~~~~~~~~~~~~~~~~^^^^^^^^^
  File "C:\Users\gazou\OneDrive\Desktop\LuaCheiaStore\backend\venv\Lib\site-packages\django\template\base.py", line 966, in render_annotated
    return self.render(context)
           ~~~~~~~~~~~^^^^^^^^^
  File "C:\Users\gazou\OneDrive\Desktop\LuaCheiaStore\backend\venv\Lib\site-packages\django\template\loader_tags.py", line 63, in render
    result = block.nodelist.render(context)
  File "C:\Users\gazou\OneDrive\Desktop\LuaCheiaStore\backend\venv\Lib\site-packages\django\template\base.py", line 1005, in render
    return SafeString("".join([node.render_annotated(context) for node in self]))
                               ~~~~~~~~~~~~~~~~~~~~~^^^^^^^^^
  File "C:\Users\gazou\OneDrive\Desktop\LuaCheiaStore\backend\venv\Lib\site-packages\django\template\base.py", line 966, in render_annotated
    return self.render(context)
           ~~~~~~~~~~~^^^^^^^^^
  File "C:\Users\gazou\OneDrive\Desktop\LuaCheiaStore\backend\venv\Lib\site-packages\django\contrib\admin\templatetags\base.py", line 45, in render
    return super().render(context)
           ~~~~~~~~~~~~~~^^^^^^^^^
  File "C:\Users\gazou\OneDrive\Desktop\LuaCheiaStore\backend\venv\Lib\site-packages\django\template\library.py", line 258, in render
    _dict = self.func(*resolved_args, **resolved_kwargs)
  File "C:\Users\gazou\OneDrive\Desktop\LuaCheiaStore\backend\venv\Lib\site-packages\django\contrib\admin\templatetags\admin_list.py", line 336, in result_list
    "results": list(results(cl)),
               ~~~~^^^^^^^^^^^^^
  File "C:\Users\gazou\OneDrive\Desktop\LuaCheiaStore\backend\venv\Lib\site-packages\django\contrib\admin\templatetags\admin_list.py", line 312, in results
    yield ResultList(None, items_for_result(cl, res, None))
          ~~~~~~~~~~^^^^^^^^^^^^^^^^^^^^^^^^^^^^^^^^^^^^^^^
  File "C:\Users\gazou\OneDrive\Desktop\LuaCheiaStore\backend\venv\Lib\site-packages\django\contrib\admin\templatetags\admin_list.py", line 303, in __init__
    super().__init__(*items)
    ~~~~~~~~~~~~~~~~^^^^^^^^
  File "C:\Users\gazou\OneDrive\Desktop\LuaCheiaStore\backend\venv\Lib\site-packages\django\contrib\admin\templatetags\admin_list.py", line 213, in items_for_result
    f, attr, value = lookup_field(field_name, result, cl.model_admin)
                     ~~~~~~~~~~~~^^^^^^^^^^^^^^^^^^^^^^^^^^^^^^^^^^^^
  File "C:\Users\gazou\OneDrive\Desktop\LuaCheiaStore\backend\venv\Lib\site-packages\django\contrib\admin\utils.py", line 281, in lookup_field
    value = attr(obj)
  File "C:\Users\gazou\OneDrive\Desktop\LuaCheiaStore\backend\store\admin.py", line 208, in items_count
    count = obj.cartorderitem_set.count()
            ^^^^^^^^^^^^^^^^^^^^^
AttributeError: 'CartOrder' object has no attribute 'cartorderitem_set'
ERROR 2025-07-09 23:22:01,395 basehttp 34680 26224 "GET /admin/store/cartorder/ HTTP/1.1" 500 443983
INFO 2025-07-09 23:22:08,515 middleware 34680 26224 Admin access by hussein from 127.0.0.1
INFO 2025-07-09 23:22:08,551 basehttp 34680 26224 "GET /admin/store/cart/ HTTP/1.1" 200 45587
INFO 2025-07-09 23:22:10,180 middleware 34680 26224 Admin access by hussein from 127.0.0.1
INFO 2025-07-09 23:22:10,217 basehttp 34680 26224 "GET /admin/store/category/ HTTP/1.1" 200 45343
INFO 2025-07-09 23:22:10,260 basehttp 34680 29884 "GET /static/admin/img/icon-yes.svg HTTP/1.1" 304 0
INFO 2025-07-09 23:22:10,262 middleware 34680 26224 Admin access by hussein from 127.0.0.1
INFO 2025-07-09 23:22:10,266 basehttp 34680 26224 "GET /admin/jsi18n/ HTTP/1.1" 304 0
INFO 2025-07-09 23:22:11,358 middleware 34680 26224 Admin access by hussein from 127.0.0.1
INFO 2025-07-09 23:22:11,402 basehttp 34680 26224 "GET /admin/store/color/ HTTP/1.1" 200 50356
INFO 2025-07-09 23:22:11,435 middleware 34680 26224 Admin access by hussein from 127.0.0.1
INFO 2025-07-09 23:22:11,439 basehttp 34680 26224 "GET /admin/jsi18n/ HTTP/1.1" 304 0
INFO 2025-07-09 23:22:12,569 middleware 34680 26224 Admin access by hussein from 127.0.0.1
INFO 2025-07-09 23:22:12,590 basehttp 34680 26224 "GET /admin/store/coupon/ HTTP/1.1" 200 41061
INFO 2025-07-09 23:22:12,615 middleware 34680 26224 Admin access by hussein from 127.0.0.1
INFO 2025-07-09 23:22:12,621 basehttp 34680 26224 "GET /admin/jsi18n/ HTTP/1.1" 304 0
INFO 2025-07-09 23:22:13,551 middleware 34680 26224 Admin access by hussein from 127.0.0.1
INFO 2025-07-09 23:22:13,683 basehttp 34680 26224 "GET /admin/store/gallery/ HTTP/1.1" 200 53833
INFO 2025-07-09 23:22:13,719 basehttp 34680 30804 "GET /media/products/preta80muchilagallery.jpg HTTP/1.1" 304 0
INFO 2025-07-09 23:22:13,720 basehttp 34680 29884 "GET /media/products/greenmuchila80.jpg HTTP/1.1" 304 0
INFO 2025-07-09 23:22:13,727 middleware 34680 26224 Admin access by hussein from 127.0.0.1
INFO 2025-07-09 23:22:13,739 basehttp 34680 26224 "GET /admin/jsi18n/ HTTP/1.1" 304 0
INFO 2025-07-09 23:22:13,826 basehttp 34680 29884 "GET /media/products/cintostodos.png HTTP/1.1" 304 0
INFO 2025-07-09 23:22:13,827 basehttp 34680 26224 "GET /media/products/faca2.png HTTP/1.1" 304 0
INFO 2025-07-09 23:22:13,835 basehttp 34680 26224 "GET /media/products/luva_completea_qGdJ7Mx.png HTTP/1.1" 304 0
INFO 2025-07-09 23:22:13,836 basehttp 34680 29884 "GET /media/products/verde2.png HTTP/1.1" 304 0
INFO 2025-07-09 23:22:13,837 basehttp 34680 30804 "GET /media/products/verde_30l_03_JMrJKjM.png HTTP/1.1" 304 0
INFO 2025-07-09 23:22:13,838 basehttp 34680 15564 "GET /media/products/preto30l_03_3mEnIPb.jpg HTTP/1.1" 304 0
INFO 2025-07-09 23:22:13,838 basehttp 34680 27236 "GET /media/products/verde_30l_lOlxf79.webp HTTP/1.1" 304 0
INFO 2025-07-09 23:22:13,840 basehttp 34680 30160 "GET /media/products/verde_30l_02_DLeOE8j.png HTTP/1.1" 304 0
INFO 2025-07-09 23:22:13,843 basehttp 34680 30804 "GET /media/products/camo3_ZCjwkWr.jpg HTTP/1.1" 304 0
INFO 2025-07-09 23:22:13,845 basehttp 34680 29884 "GET /media/products/camo2_AWWE9Cl.jpg HTTP/1.1" 304 0
INFO 2025-07-09 23:22:13,846 basehttp 34680 15564 "GET /media/products/preto30l_02_i36zxcS.png HTTP/1.1" 304 0
INFO 2025-07-09 23:22:13,846 basehttp 34680 30160 "GET /media/products/camo1_yEO0Bqu.jpg HTTP/1.1" 304 0
INFO 2025-07-09 23:22:13,846 basehttp 34680 27236 "GET /media/products/preto30l_OXAmCHj.jpg HTTP/1.1" 304 0
INFO 2025-07-09 23:22:14,600 middleware 34680 27236 Admin access by hussein from 127.0.0.1
INFO 2025-07-09 23:22:14,690 basehttp 34680 27236 "GET /admin/store/notification/ HTTP/1.1" 200 51632
INFO 2025-07-09 23:22:14,737 middleware 34680 27236 Admin access by hussein from 127.0.0.1
INFO 2025-07-09 23:22:14,741 basehttp 34680 27236 "GET /admin/jsi18n/ HTTP/1.1" 304 0
INFO 2025-07-09 23:22:15,471 middleware 34680 27236 Admin access by hussein from 127.0.0.1
INFO 2025-07-09 23:22:15,497 basehttp 34680 27236 "GET /admin/store/offerscarousel/ HTTP/1.1" 200 39166
INFO 2025-07-09 23:22:15,532 middleware 34680 27236 Admin access by hussein from 127.0.0.1
INFO 2025-07-09 23:22:15,535 basehttp 34680 27236 "GET /admin/jsi18n/ HTTP/1.1" 304 0
INFO 2025-07-09 23:22:16,379 middleware 34680 27236 Admin access by hussein from 127.0.0.1
INFO 2025-07-09 23:22:16,400 basehttp 34680 27236 "GET /admin/store/offerscarousel/ HTTP/1.1" 200 39166
INFO 2025-07-09 23:22:16,433 middleware 34680 27236 Admin access by hussein from 127.0.0.1
INFO 2025-07-09 23:22:16,437 basehttp 34680 27236 "GET /admin/jsi18n/ HTTP/1.1" 304 0
INFO 2025-07-09 23:22:17,179 middleware 34680 27236 Admin access by hussein from 127.0.0.1
INFO 2025-07-09 23:22:17,276 basehttp 34680 27236 "GET /admin/store/product/ HTTP/1.1" 200 54544
INFO 2025-07-09 23:22:17,311 middleware 34680 27236 Admin access by hussein from 127.0.0.1
INFO 2025-07-09 23:22:17,315 basehttp 34680 27236 "GET /admin/jsi18n/ HTTP/1.1" 304 0
INFO 2025-07-09 23:22:18,937 middleware 34680 27236 Admin access by hussein from 127.0.0.1
INFO 2025-07-09 23:22:18,964 basehttp 34680 27236 "GET /admin/store/review/ HTTP/1.1" 200 46423
INFO 2025-07-09 23:22:19,004 middleware 34680 27236 Admin access by hussein from 127.0.0.1
INFO 2025-07-09 23:22:19,007 basehttp 34680 27236 "GET /admin/jsi18n/ HTTP/1.1" 304 0
INFO 2025-07-09 23:22:20,583 middleware 34680 27236 Admin access by hussein from 127.0.0.1
INFO 2025-07-09 23:22:20,606 basehttp 34680 27236 "GET /admin/store/size/ HTTP/1.1" 200 39675
INFO 2025-07-09 23:22:20,630 middleware 34680 27236 Admin access by hussein from 127.0.0.1
INFO 2025-07-09 23:22:20,636 basehttp 34680 27236 "GET /admin/jsi18n/ HTTP/1.1" 304 0
INFO 2025-07-09 23:22:22,424 middleware 34680 27236 Admin access by hussein from 127.0.0.1
INFO 2025-07-09 23:22:22,441 basehttp 34680 27236 "GET /admin/store/tax/ HTTP/1.1" 200 40071
INFO 2025-07-09 23:22:22,462 middleware 34680 27236 Admin access by hussein from 127.0.0.1
INFO 2025-07-09 23:22:22,465 basehttp 34680 27236 "GET /admin/jsi18n/ HTTP/1.1" 304 0
INFO 2025-07-09 23:22:24,128 middleware 34680 27236 Admin access by hussein from 127.0.0.1
INFO 2025-07-09 23:22:24,143 basehttp 34680 27236 "GET /admin/store/wishlist/ HTTP/1.1" 200 40089
INFO 2025-07-09 23:22:24,179 middleware 34680 27236 Admin access by hussein from 127.0.0.1
INFO 2025-07-09 23:22:24,183 basehttp 34680 27236 "GET /admin/jsi18n/ HTTP/1.1" 304 0
INFO 2025-07-09 23:22:56,171 middleware 34680 27236 Admin access by hussein from 127.0.0.1
INFO 2025-07-09 23:22:56,193 basehttp 34680 27236 "GET /admin/userauths/profile/ HTTP/1.1" 200 43036
INFO 2025-07-09 23:22:56,235 middleware 34680 27236 Admin access by hussein from 127.0.0.1
INFO 2025-07-09 23:22:56,238 basehttp 34680 27236 "GET /admin/jsi18n/ HTTP/1.1" 304 0
INFO 2025-07-09 23:22:57,490 middleware 34680 27236 Admin access by hussein from 127.0.0.1
INFO 2025-07-09 23:22:57,508 basehttp 34680 27236 "GET /admin/store/wishlist/ HTTP/1.1" 200 40089
INFO 2025-07-09 23:22:57,557 middleware 34680 27236 Admin access by hussein from 127.0.0.1
INFO 2025-07-09 23:22:57,564 basehttp 34680 27236 "GET /admin/jsi18n/ HTTP/1.1" 304 0
INFO 2025-07-09 23:23:00,098 middleware 34680 27236 Admin access by hussein from 127.0.0.1
INFO 2025-07-09 23:23:00,205 basehttp 34680 27236 "GET /admin/token_blacklist/blacklistedtoken/ HTTP/1.1" 200 67586
INFO 2025-07-09 23:23:00,246 middleware 34680 27236 Admin access by hussein from 127.0.0.1
INFO 2025-07-09 23:23:00,249 basehttp 34680 27236 "GET /admin/jsi18n/ HTTP/1.1" 304 0
INFO 2025-07-09 23:23:00,427 basehttp 34680 27236 "GET /static/vendor/fontawesome-free/webfonts/fa-solid-900.woff2 HTTP/1.1" 304 0
INFO 2025-07-09 23:23:00,427 basehttp 34680 30160 "GET /static/vendor/fontawesome-free/webfonts/fa-regular-400.woff2 HTTP/1.1" 304 0
INFO 2025-07-09 23:23:02,994 middleware 34680 30160 Admin access by hussein from 127.0.0.1
INFO 2025-07-09 23:23:03,022 basehttp 34680 30160 "GET /admin/userauths/user/ HTTP/1.1" 200 41844
INFO 2025-07-09 23:23:03,060 middleware 34680 30160 Admin access by hussein from 127.0.0.1
INFO 2025-07-09 23:23:03,063 basehttp 34680 30160 "GET /admin/jsi18n/ HTTP/1.1" 304 0
INFO 2025-07-09 23:23:05,463 middleware 34680 30160 Admin access by hussein from 127.0.0.1
INFO 2025-07-09 23:23:05,490 basehttp 34680 30160 "GET /admin/vendor/vendor/ HTTP/1.1" 200 40981
INFO 2025-07-09 23:23:05,529 middleware 34680 30160 Admin access by hussein from 127.0.0.1
INFO 2025-07-09 23:23:05,532 basehttp 34680 30160 "GET /admin/jsi18n/ HTTP/1.1" 304 0
INFO 2025-07-09 23:23:51,963 middleware 34680 30160 Admin access by hussein from 127.0.0.1
INFO 2025-07-09 23:23:52,051 basehttp 34680 30160 "GET /admin/ HTTP/1.1" 200 71317
INFO 2025-07-09 23:23:52,099 basehttp 34680 15564 "GET /static/jazzmin/css/main.css HTTP/1.1" 304 0
INFO 2025-07-09 23:23:52,101 basehttp 34680 29884 "GET /static/vendor/adminlte/img/AdminLTELogo.png HTTP/1.1" 304 0
INFO 2025-07-09 23:23:52,101 basehttp 34680 27236 "GET /static/vendor/adminlte/css/adminlte.min.css HTTP/1.1" 304 0
INFO 2025-07-09 23:23:52,104 basehttp 34680 30160 "GET /static/vendor/fontawesome-free/css/all.min.css HTTP/1.1" 304 0
INFO 2025-07-09 23:23:52,374 basehttp 34680 27236 "GET /static/vendor/bootstrap/js/bootstrap.min.js HTTP/1.1" 304 0
INFO 2025-07-09 23:23:52,375 basehttp 34680 30160 "GET /static/admin/js/vendor/jquery/jquery.js HTTP/1.1" 304 0
INFO 2025-07-09 23:23:52,375 basehttp 34680 15564 "GET /static/jazzmin/js/main.js HTTP/1.1" 304 0
INFO 2025-07-09 23:23:52,375 basehttp 34680 29884 "GET /static/vendor/adminlte/js/adminlte.min.js HTTP/1.1" 304 0
INFO 2025-07-09 23:23:52,376 basehttp 34680 30804 "GET /static/jazzmin/js/ui-builder.js HTTP/1.1" 304 0
INFO 2025-07-09 23:24:13,121 basehttp 34680 31716 "GET /api/v1/offers-carousel/ HTTP/1.1" 304 0
INFO 2025-07-09 23:24:13,124 basehttp 34680 33252 "GET /api/v1/banners/ HTTP/1.1" 304 0
INFO 2025-07-09 23:24:13,126 basehttp 34680 10868 "GET /api/v1/carousel/ HTTP/1.1" 304 0
INFO 2025-07-09 23:24:13,127 basehttp 34680 6960 "GET /api/v1/category/ HTTP/1.1" 304 0
INFO 2025-07-09 23:24:13,135 basehttp 34680 31716 "GET /api/v1/offers-carousel/ HTTP/1.1" 304 0
INFO 2025-07-09 23:24:13,144 basehttp 34680 10868 "GET /api/v1/carousel/ HTTP/1.1" 304 0
INFO 2025-07-09 23:24:13,144 basehttp 34680 33252 "GET /api/v1/banners/ HTTP/1.1" 304 0
INFO 2025-07-09 23:24:13,148 basehttp 34680 6960 "GET /api/v1/category/ HTTP/1.1" 304 0
INFO 2025-07-09 23:24:13,161 basehttp 34680 6960 "GET /api/v1/category/ HTTP/1.1" 304 0
INFO 2025-07-09 23:24:13,183 basehttp 34680 6960 "GET /api/v1/category/ HTTP/1.1" 304 0
WARNING 2025-07-09 23:24:13,331 log 34680 25644 Not Found: /media/category.jpg
WARNING 2025-07-09 23:24:13,340 basehttp 34680 25644 "GET /media/category.jpg HTTP/1.1" 404 2713
INFO 2025-07-09 23:24:13,354 basehttp 34680 28256 "GET /api/v1/cart-list/RANRJLRGAJJKOMBOLRNOMDMQEBOGHB/1/ HTTP/1.1" 304 0
INFO 2025-07-09 23:24:13,480 basehttp 34680 16928 "GET /api/v1/most-viewed-products/ HTTP/1.1" 304 0
INFO 2025-07-09 23:24:13,563 basehttp 34680 28256 "GET /api/v1/cart-list/RANRJLRGAJJKOMBOLRNOMDMQEBOGHB/1/ HTTP/1.1" 304 0
INFO 2025-07-09 23:24:13,723 basehttp 34680 16928 "GET /api/v1/most-viewed-products/ HTTP/1.1" 304 0
INFO 2025-07-09 23:24:19,545 basehttp 34680 28256 "GET /api/v1/category/ HTTP/1.1" 304 0
INFO 2025-07-09 23:24:19,555 basehttp 34680 28256 "GET /api/v1/category/ HTTP/1.1" 304 0
INFO 2025-07-09 23:24:19,723 basehttp 34680 16928 "GET /api/v1/products/ HTTP/1.1" 304 0
INFO 2025-07-09 23:24:19,919 basehttp 34680 16928 "GET /api/v1/products/ HTTP/1.1" 304 0
